[2025-10-22 13:47:59] [INFO] Starting EPG fetch for 49 lineup(s)
[2025-10-22 13:47:59] [INFO]   Timespan: 24 hours
[2025-10-22 13:47:59] [INFO]   Parallel: True (workers: 6)
[2025-10-22 13:48:04] [INFO]   [USA-CA63552-X] 113 channels, 3385 events
[2025-10-22 13:48:04] [INFO]   [USA-SC39467-X] 154 channels, 4035 events
[2025-10-22 13:48:04] [INFO]   [USA-CA04536-X] 244 channels, 6653 events
[2025-10-22 13:48:05] [INFO]   [USA-CA04577-X] 518 channels, 12834 events
[2025-10-22 13:48:05] [INFO]   [USA-CA04523-X] 625 channels, 15353 events
[2025-10-22 13:48:05] [INFO]   [USA-CA04423-X] 315 channels, 8339 events
[2025-10-22 13:48:07] [INFO]   [USA-CA63870-X] 121 channels, 3615 events
[2025-10-22 13:48:08] [INFO]   [USA-CA70211-X] 99 channels, 2779 events
[2025-10-22 13:48:08] [INFO]   [USA-CA64361-X] 148 channels, 4280 events
[2025-10-22 13:48:10] [INFO]   [USA-CA04818-X] 562 channels, 13525 events
[2025-10-22 13:48:11] [INFO]   [USA-CA04563-X] 481 channels, 12561 events
[2025-10-22 13:48:11] [INFO]   [USA-CA55363-X] 592 channels, 14628 events
[2025-10-22 13:48:13] [INFO]   [USA-CA66343-X] 596 channels, 15993 events
[2025-10-22 13:48:13] [ERROR] [USA-YOUTUBE-X] Bad request (likely invalid headend or postalCode)
[2025-10-22 13:48:14] [INFO]   [USA-CA67659-X] 578 channels, 15387 events
[2025-10-22 13:48:14] [ERROR] [USA-YOUTUBE-X] Bad request (likely invalid headend or postalCode)
[2025-10-22 13:48:14] [INFO]   [USA-CA04931-X] 527 channels, 14166 events
[2025-10-22 13:48:15] [ERROR] [USA-GNSTR-X] Bad request (likely invalid headend or postalCode)
[2025-10-22 13:48:15] [INFO]   [USA-CA02268-X] 322 channels, 8678 events
[2025-10-22 13:48:15] [ERROR] [USA-YOUTUBE-X] Bad request (likely invalid headend or postalCode)
[2025-10-22 13:48:16] [ERROR] [USA-GNSTR-X] Bad request (likely invalid headend or postalCode)
[2025-10-22 13:48:16] [INFO]   [USA-CA58597-X] 533 channels, 14128 events
[2025-10-22 13:48:17] [ERROR] [USA-IMDBTV-X] Bad request (likely invalid headend or postalCode)
[2025-10-22 13:48:17] [INFO]   [USA-DITV501-X] 615 channels, 16539 events
[2025-10-22 13:48:17] [ERROR] [USA-YOUTUBE-X] Bad request (likely invalid headend or postalCode)
[2025-10-22 13:48:17] [INFO]   [USA-YOUTUBE-X] 0 channels, 0 events
[2025-10-22 13:48:17] [ERROR] [USA-GNSTR-X] Bad request (likely invalid headend or postalCode)
[2025-10-22 13:48:18] [ERROR] [USA-IMDBTV-X] Bad request (likely invalid headend or postalCode)
[2025-10-22 13:48:18] [ERROR] [USA-GNSTR-X] Bad request (likely invalid headend or postalCode)
[2025-10-22 13:48:18] [INFO]   [USA-GNSTR-X] 0 channels, 0 events
[2025-10-22 13:48:19] [ERROR] [USA-IMDBTV-X] Bad request (likely invalid headend or postalCode)
[2025-10-22 13:48:19] [INFO]   [USA-NY66739-X] 617 channels, 13324 events
[2025-10-22 13:48:20] [ERROR] [USA-IMDBTV-X] Bad request (likely invalid headend or postalCode)
[2025-10-22 13:48:20] [INFO]   [USA-IMDBTV-X] 0 channels, 0 events
[2025-10-22 13:48:21] [INFO]   [USA-ECHOST-X] 488 channels, 12663 events
[2025-10-22 13:48:21] [INFO]   [USA-CA04863-X] 310 channels, 8274 events
[2025-10-22 13:48:22] [INFO]   [USA-CA57315-L] 498 channels, 12853 events
[2025-10-22 13:48:23] [INFO]   [USA-DISH803-X] 584 channels, 15637 events
[2025-10-22 13:48:24] [INFO]   [USA-CA67310-L] 504 channels, 12881 events
[2025-10-22 13:48:25] [INFO]   [USA-CA04768-X] 647 channels, 16327 events
[2025-10-22 13:48:26] [INFO]   [USA-DITV803-X] 614 channels, 16509 events
[2025-10-22 13:48:26] [INFO]   [USA-CA67310-X] 463 channels, 11827 events
[2025-10-22 13:48:27] [INFO]   [USA-IL56991-X] 599 channels, 14724 events
[2025-10-22 13:48:28] [INFO]   [USA-CO68828-X] 511 channels, 13469 events
[2025-10-22 13:48:29] [INFO]   [USA-CA04486-X] 310 channels, 8288 events
[2025-10-22 13:48:30] [INFO]   [USA-CA71911-X] 93 channels, 2528 events
[2025-10-22 13:48:30] [INFO]   [USA-CA66564-X] 583 channels, 15636 events
[2025-10-22 13:48:31] [INFO]   [USA-DITV825-X] 590 channels, 15765 events
[2025-10-22 13:48:32] [INFO]   [USA-DISH825-X] 542 channels, 14428 events
[2025-10-22 13:48:33] [INFO]   [USA-DITV804-X] 578 channels, 15399 events
[2025-10-22 13:48:34] [INFO]   [USA-CA04542-L] 466 channels, 11639 events
[2025-10-22 13:48:35] [INFO]   [USA-CA65644-L] 461 channels, 11626 events
[2025-10-22 13:48:36] [INFO]   [USA-CO68610-X] 708 channels, 15453 events
[2025-10-22 13:48:36] [INFO]   [USA-CA04470-L] 432 channels, 10812 events
[2025-10-22 13:48:36] [INFO]   [USA-CA63959-X] 136 channels, 3049 events
[2025-10-22 13:48:39] [INFO]   [USA-DITV807-X] 611 channels, 16461 events
[2025-10-22 13:48:39] [INFO]   [USA-CA04487-X] 534 channels, 14223 events
[2025-10-22 13:48:41] [INFO]   [USA-CA00056-X] 519 channels, 13886 events
[2025-10-22 13:48:42] [INFO]   [USA-CA04437-X] 576 channels, 14111 events
[2025-10-22 13:48:42] [INFO]   [USA-DISH862-X] 541 channels, 14428 events
[2025-10-22 13:48:42] [INFO]   [USA-CA54023-X] 555 channels, 13632 events
[2025-10-22 13:48:42] [INFO] Fetch complete: 49 succeeded, 0 failed
[2025-10-22 13:48:42] [INFO]   Total unique channels: 3524
[2025-10-22 13:48:42] [INFO]   Total events: 546730
[2025-10-22 13:48:48] [INFO] Writing 546730 valid events to XML
[2025-10-22 13:48:50] [INFO] EPG successfully written to /home/sftech13/GraceNote-EPG/EPG.xml
[2025-10-22 16:12:34] [INFO] Starting EPG fetch for 46 lineup(s)
[2025-10-22 16:12:34] [INFO]   Timespan: 120 hours
[2025-10-22 16:12:34] [INFO]   Parallel: True (workers: 6)
[2025-10-22 16:12:57] [INFO]   [USA-CA63552-X] 113 channels, 16086 events
[2025-10-22 16:12:58] [INFO]   [USA-SC39467-X] 154 channels, 19059 events
[2025-10-22 16:12:59] [INFO]   [USA-CA04536-X] 244 channels, 31480 events
[2025-10-22 16:13:00] [INFO]   [USA-CA04423-X] 315 channels, 39299 events
[2025-10-22 16:13:03] [INFO]   [USA-CA04577-X] 518 channels, 60934 events
[2025-10-22 16:13:04] [INFO]   [USA-CA04523-X] 625 channels, 73168 events
[2025-10-22 16:13:20] [INFO]   [USA-CA63870-X] 121 channels, 17186 events
[2025-10-22 16:13:21] [INFO]   [USA-CA70211-X] 99 channels, 13081 events
[2025-10-22 16:13:22] [INFO]   [USA-CA64361-X] 148 channels, 20353 events
[2025-10-22 16:13:29] [INFO]   [USA-CA04818-X] 562 channels, 64090 events
[2025-10-22 16:13:33] [INFO]   [USA-CA04563-X] 481 channels, 59555 events
[2025-10-22 16:13:35] [INFO]   [USA-CA55363-X] 592 channels, 69133 events
[2025-10-22 16:13:49] [INFO]   [USA-CA66343-X] 596 channels, 76126 events
[2025-10-22 16:13:50] [INFO]   [USA-CA67659-X] 578 channels, 73303 events
[2025-10-22 16:13:53] [INFO]   [USA-CA04931-X] 527 channels, 67312 events
[2025-10-22 16:14:00] [INFO]   [USA-CA58597-X] 533 channels, 67115 events
[2025-10-22 16:14:01] [INFO]   [USA-CA02268-X] 322 channels, 41014 events
[2025-10-22 16:14:06] [INFO]   [USA-DITV501-X] 615 channels, 79575 events
[2025-10-22 16:14:19] [INFO]   [USA-NY66739-X] 617 channels, 69282 events
[2025-10-22 16:14:19] [INFO]   [USA-ECHOST-X] 488 channels, 59855 events
[2025-10-22 16:14:23] [INFO]   [USA-CA57315-L] 498 channels, 61241 events
[2025-10-22 16:14:28] [INFO]   [USA-CA04863-X] 310 channels, 39328 events
[2025-10-22 16:14:30] [INFO]   [USA-DISH803-X] 584 channels, 74259 events
[2025-10-22 16:14:35] [INFO]   [USA-CA67310-L] 504 channels, 61476 events
[2025-10-22 16:14:50] [INFO]   [USA-DITV803-X] 614 channels, 79423 events
[2025-10-22 16:14:50] [INFO]   [USA-CA04768-X] 647 channels, 77835 events
[2025-10-22 16:14:51] [INFO]   [USA-CA67310-X] 463 channels, 56360 events
[2025-10-22 16:15:02] [INFO]   [USA-CO68828-X] 511 channels, 63857 events
[2025-10-22 16:15:02] [INFO]   [USA-IL56991-X] 599 channels, 69962 events
[2025-10-22 16:15:04] [INFO]   [USA-CA04486-X] 310 channels, 39411 events
[2025-10-22 16:15:16] [INFO]   [USA-CA71911-X] 93 channels, 11918 events
[2025-10-22 16:15:21] [INFO]   [USA-DITV825-X] 590 channels, 75794 events
[2025-10-22 16:15:22] [INFO]   [USA-CA66564-X] 583 channels, 74455 events
[2025-10-22 16:15:33] [INFO]   [USA-DISH825-X] 542 channels, 68380 events
[2025-10-22 16:15:34] [INFO]   [USA-CA04542-L] 466 channels, 55270 events
[2025-10-22 16:15:35] [INFO]   [USA-DITV804-X] 578 channels, 74057 events
[2025-10-22 16:15:49] [INFO]   [USA-CO68610-X] 708 channels, 73153 events
[2025-10-22 16:15:52] [INFO]   [USA-CA04470-L] 432 channels, 51426 events
[2025-10-22 16:15:52] [INFO]   [USA-CA65644-L] 461 channels, 55189 events
[2025-10-22 16:15:53] [WARNING] [USA-CA04437-X] Retry 1/3 in 1.4s (status 429)
[2025-10-22 16:15:53] [WARNING] [USA-CA54023-X] Retry 1/3 in 1.5s (status 429)
[2025-10-22 16:15:53] [WARNING] [USA-DITV807-X] Retry 1/3 in 1.5s (status 429)
[2025-10-22 16:15:53] [WARNING] [USA-CA63959-X] Retry 1/3 in 1.9s (status 429)
[2025-10-22 16:15:53] [WARNING] [USA-CA04487-X] Retry 1/3 in 1.1s (status 429)
[2025-10-22 16:15:54] [WARNING] [USA-CA04437-X] Retry 2/3 in 2.2s (status 429)
[2025-10-22 16:15:54] [WARNING] [USA-CA00056-X] Retry 1/3 in 1.0s (status 429)
[2025-10-22 16:15:54] [WARNING] [USA-CA04487-X] Retry 2/3 in 2.2s (status 429)
[2025-10-22 16:15:54] [WARNING] [USA-CA54023-X] Retry 2/3 in 2.3s (status 429)
[2025-10-22 16:15:54] [WARNING] [USA-DITV807-X] Retry 2/3 in 3.0s (status 429)
[2025-10-22 16:15:55] [WARNING] [USA-CA63959-X] Retry 2/3 in 2.6s (status 429)
[2025-10-22 16:15:55] [WARNING] [USA-CA00056-X] Retry 2/3 in 2.2s (status 429)
[2025-10-22 16:15:56] [WARNING] [USA-CA04437-X] Retry 3/3 in 4.1s (status 429)
[2025-10-22 16:15:56] [WARNING] [USA-CA04487-X] Retry 3/3 in 4.7s (status 429)
[2025-10-22 16:15:57] [WARNING] [USA-CA54023-X] Retry 3/3 in 4.7s (status 429)
[2025-10-22 16:15:57] [WARNING] [USA-DITV807-X] Retry 3/3 in 4.6s (status 429)
[2025-10-22 16:15:57] [WARNING] [USA-CA00056-X] Retry 3/3 in 4.5s (status 429)
[2025-10-22 16:15:58] [WARNING] [USA-CA63959-X] Retry 3/3 in 4.6s (status 429)
[2025-10-22 16:16:01] [WARNING] [USA-CA04437-X] Retry 1/3 in 1.5s (status 429)
[2025-10-22 16:16:02] [WARNING] [USA-CA04487-X] Retry 1/3 in 1.6s (status 429)
[2025-10-22 16:16:02] [WARNING] [USA-CA54023-X] Retry 1/3 in 1.3s (status 429)
[2025-10-22 16:16:03] [WARNING] [USA-CA00056-X] Retry 1/3 in 1.6s (status 429)
[2025-10-22 16:16:03] [WARNING] [USA-CA04437-X] Retry 2/3 in 2.5s (status 429)
[2025-10-22 16:16:03] [WARNING] [USA-DITV807-X] Retry 1/3 in 1.9s (status 429)
[2025-10-22 16:16:03] [WARNING] [USA-CA63959-X] Retry 1/3 in 1.0s (status 429)
[2025-10-22 16:16:04] [WARNING] [USA-CA54023-X] Retry 2/3 in 2.1s (status 429)
[2025-10-22 16:16:04] [WARNING] [USA-CA04487-X] Retry 2/3 in 2.3s (status 429)
[2025-10-22 16:16:04] [WARNING] [USA-CA63959-X] Retry 2/3 in 2.9s (status 429)
[2025-10-22 16:16:05] [WARNING] [USA-CA00056-X] Retry 2/3 in 2.6s (status 429)
[2025-10-22 16:16:05] [WARNING] [USA-DITV807-X] Retry 2/3 in 2.6s (status 429)
[2025-10-22 16:16:06] [WARNING] [USA-CA04437-X] Retry 3/3 in 4.2s (status 429)
[2025-10-22 16:16:06] [WARNING] [USA-CA54023-X] Retry 3/3 in 4.3s (status 429)
[2025-10-22 16:16:06] [WARNING] [USA-CA04487-X] Retry 3/3 in 4.9s (status 429)
[2025-10-22 16:16:07] [WARNING] [USA-CA63959-X] Retry 3/3 in 4.5s (status 429)
[2025-10-22 16:16:07] [WARNING] [USA-CA00056-X] Retry 3/3 in 4.2s (status 429)
[2025-10-22 16:16:08] [WARNING] [USA-DITV807-X] Retry 3/3 in 4.4s (status 429)
[2025-10-22 16:16:11] [WARNING] [USA-CA04437-X] Retry 1/3 in 1.3s (status 429)
[2025-10-22 16:16:11] [WARNING] [USA-CA54023-X] Retry 1/3 in 1.9s (status 429)
[2025-10-22 16:16:12] [WARNING] [USA-CA04487-X] Retry 1/3 in 1.0s (status 429)
[2025-10-22 16:16:12] [WARNING] [USA-CA04437-X] Retry 2/3 in 2.8s (status 429)
[2025-10-22 16:16:13] [WARNING] [USA-CA00056-X] Retry 1/3 in 1.4s (status 429)
[2025-10-22 16:16:13] [WARNING] [USA-CA63959-X] Retry 1/3 in 1.9s (status 429)
[2025-10-22 16:16:13] [WARNING] [USA-DITV807-X] Retry 1/3 in 1.1s (status 429)
[2025-10-22 16:16:13] [WARNING] [USA-CA04487-X] Retry 2/3 in 2.4s (status 429)
[2025-10-22 16:16:13] [WARNING] [USA-CA54023-X] Retry 2/3 in 2.5s (status 429)
[2025-10-22 16:16:14] [WARNING] [USA-CA00056-X] Retry 2/3 in 2.1s (status 429)
[2025-10-22 16:16:14] [WARNING] [USA-DITV807-X] Retry 2/3 in 2.8s (status 429)
[2025-10-22 16:16:15] [WARNING] [USA-CA63959-X] Retry 2/3 in 2.7s (status 429)
[2025-10-22 16:16:15] [WARNING] [USA-CA04437-X] Retry 3/3 in 4.4s (status 429)
[2025-10-22 16:16:15] [WARNING] [USA-CA04487-X] Retry 3/3 in 4.5s (status 429)
[2025-10-22 16:16:16] [WARNING] [USA-CA54023-X] Retry 3/3 in 4.9s (status 429)
[2025-10-22 16:16:16] [WARNING] [USA-CA00056-X] Retry 3/3 in 4.5s (status 429)
[2025-10-22 16:16:17] [WARNING] [USA-DITV807-X] Retry 3/3 in 4.0s (status 429)
[2025-10-22 16:16:17] [WARNING] [USA-CA63959-X] Retry 3/3 in 4.6s (status 429)
[2025-10-22 16:16:20] [WARNING] [USA-CA04437-X] Retry 1/3 in 1.8s (status 429)
[2025-10-22 16:16:21] [WARNING] [USA-CA04487-X] Retry 1/3 in 2.0s (status 429)
[2025-10-22 16:16:22] [WARNING] [USA-CA54023-X] Retry 1/3 in 1.5s (status 429)
[2025-10-22 16:16:22] [WARNING] [USA-CA00056-X] Retry 1/3 in 1.9s (status 429)
[2025-10-22 16:16:22] [WARNING] [USA-DITV807-X] Retry 1/3 in 1.2s (status 429)
[2025-10-22 16:16:22] [INFO]   [USA-CA63959-X] 136 channels, 12183 events
[2025-10-22 16:16:22] [WARNING] [USA-CA04437-X] Retry 2/3 in 2.4s (status 429)
[2025-10-22 16:16:22] [WARNING] [USA-DISH862-X] Retry 1/3 in 2.0s (status 429)
[2025-10-22 16:16:23] [WARNING] [USA-CA04487-X] Retry 2/3 in 3.0s (status 429)
[2025-10-22 16:16:23] [WARNING] [USA-CA54023-X] Retry 2/3 in 2.3s (status 429)
[2025-10-22 16:16:23] [WARNING] [USA-DITV807-X] Retry 2/3 in 2.9s (status 429)
[2025-10-22 16:16:24] [WARNING] [USA-CA00056-X] Retry 2/3 in 2.1s (status 429)
[2025-10-22 16:16:24] [WARNING] [USA-DISH862-X] Retry 2/3 in 2.0s (status 429)
[2025-10-22 16:16:25] [WARNING] [USA-CA04437-X] Retry 3/3 in 4.5s (status 429)
[2025-10-22 16:16:26] [WARNING] [USA-CA54023-X] Retry 3/3 in 4.5s (status 429)
[2025-10-22 16:16:26] [WARNING] [USA-CA00056-X] Retry 3/3 in 4.0s (status 429)
[2025-10-22 16:16:26] [WARNING] [USA-CA04487-X] Retry 3/3 in 4.5s (status 429)
[2025-10-22 16:16:26] [WARNING] [USA-DITV807-X] Retry 3/3 in 4.7s (status 429)
[2025-10-22 16:16:26] [WARNING] [USA-DISH862-X] Retry 3/3 in 4.7s (status 429)
[2025-10-22 16:16:30] [WARNING] [USA-CA04437-X] Retry 1/3 in 1.0s (status 429)
[2025-10-22 16:16:31] [WARNING] [USA-CA00056-X] Retry 1/3 in 1.4s (status 429)
[2025-10-22 16:16:31] [WARNING] [USA-CA54023-X] Retry 1/3 in 1.1s (status 429)
[2025-10-22 16:16:31] [WARNING] [USA-CA04437-X] Retry 2/3 in 2.1s (status 429)
[2025-10-22 16:16:32] [WARNING] [USA-CA04487-X] Retry 1/3 in 1.6s (status 429)
[2025-10-22 16:16:32] [WARNING] [USA-DITV807-X] Retry 1/3 in 1.7s (status 429)
[2025-10-22 16:16:32] [WARNING] [USA-CA54023-X] Retry 2/3 in 2.5s (status 429)
[2025-10-22 16:16:32] [WARNING] [USA-DISH862-X] Retry 1/3 in 1.8s (status 429)
[2025-10-22 16:16:32] [WARNING] [USA-CA00056-X] Retry 2/3 in 2.5s (status 429)
[2025-10-22 16:16:33] [WARNING] [USA-CA04487-X] Retry 2/3 in 2.5s (status 429)
[2025-10-22 16:16:33] [WARNING] [USA-CA04437-X] Retry 3/3 in 4.8s (status 429)
[2025-10-22 16:16:34] [WARNING] [USA-DITV807-X] Retry 2/3 in 2.0s (status 429)
[2025-10-22 16:16:34] [WARNING] [USA-DISH862-X] Retry 2/3 in 2.6s (status 429)
[2025-10-22 16:16:35] [WARNING] [USA-CA54023-X] Retry 3/3 in 5.0s (status 429)
[2025-10-22 16:16:35] [WARNING] [USA-CA00056-X] Retry 3/3 in 4.2s (status 429)
[2025-10-22 16:16:36] [WARNING] [USA-CA04487-X] Retry 3/3 in 4.0s (status 429)
[2025-10-22 16:16:36] [WARNING] [USA-DITV807-X] Retry 3/3 in 4.4s (status 429)
[2025-10-22 16:16:37] [WARNING] [USA-DISH862-X] Retry 3/3 in 4.4s (status 429)
[2025-10-22 16:16:39] [WARNING] [USA-CA04437-X] Retry 1/3 in 1.3s (status 429)
[2025-10-22 16:16:40] [WARNING] [USA-CA00056-X] Retry 1/3 in 1.2s (status 429)
[2025-10-22 16:16:41] [WARNING] [USA-CA04437-X] Retry 2/3 in 2.6s (status 429)
[2025-10-22 16:16:41] [WARNING] [USA-CA54023-X] Retry 1/3 in 1.6s (status 429)
[2025-10-22 16:16:41] [WARNING] [USA-CA04487-X] Retry 1/3 in 1.1s (status 429)
[2025-10-22 16:16:41] [WARNING] [USA-DITV807-X] Retry 1/3 in 1.1s (status 429)
[2025-10-22 16:16:41] [WARNING] [USA-CA00056-X] Retry 2/3 in 2.2s (status 429)
[2025-10-22 16:16:42] [WARNING] [USA-CA04487-X] Retry 2/3 in 2.4s (status 429)
[2025-10-22 16:16:42] [WARNING] [USA-DISH862-X] Retry 1/3 in 1.9s (status 429)
[2025-10-22 16:16:42] [WARNING] [USA-DITV807-X] Retry 2/3 in 2.1s (status 429)
[2025-10-22 16:16:42] [WARNING] [USA-CA54023-X] Retry 2/3 in 2.2s (status 429)
[2025-10-22 16:16:43] [WARNING] [USA-CA04437-X] Retry 3/3 in 4.6s (status 429)
[2025-10-22 16:16:44] [WARNING] [USA-CA00056-X] Retry 3/3 in 4.6s (status 429)
[2025-10-22 16:16:44] [WARNING] [USA-DISH862-X] Retry 2/3 in 2.6s (status 429)
[2025-10-22 16:16:44] [WARNING] [USA-CA04487-X] Retry 3/3 in 4.6s (status 429)
[2025-10-22 16:16:45] [WARNING] [USA-DITV807-X] Retry 3/3 in 4.3s (status 429)
[2025-10-22 16:16:45] [WARNING] [USA-CA54023-X] Retry 3/3 in 4.4s (status 429)
[2025-10-22 16:16:47] [WARNING] [USA-DISH862-X] Retry 3/3 in 4.2s (status 429)
[2025-10-22 16:16:49] [WARNING] [USA-CA04437-X] Retry 1/3 in 1.4s (status 429)
[2025-10-22 16:16:49] [WARNING] [USA-CA00056-X] Retry 1/3 in 1.9s (status 429)
[2025-10-22 16:16:50] [WARNING] [USA-DITV807-X] Retry 1/3 in 1.9s (status 429)
[2025-10-22 16:16:50] [WARNING] [USA-CA04487-X] Retry 1/3 in 1.6s (status 429)
[2025-10-22 16:16:50] [WARNING] [USA-CA54023-X] Retry 1/3 in 1.6s (status 429)
[2025-10-22 16:16:50] [WARNING] [USA-CA04437-X] Retry 2/3 in 2.1s (status 429)
[2025-10-22 16:16:51] [WARNING] [USA-CA00056-X] Retry 2/3 in 2.7s (status 429)
[2025-10-22 16:16:52] [WARNING] [USA-CA04487-X] Retry 2/3 in 3.0s (status 429)
[2025-10-22 16:16:52] [WARNING] [USA-CA54023-X] Retry 2/3 in 3.0s (status 429)
[2025-10-22 16:16:52] [WARNING] [USA-DITV807-X] Retry 2/3 in 2.5s (status 429)
[2025-10-22 16:16:52] [WARNING] [USA-DISH862-X] Retry 1/3 in 1.2s (status 429)
[2025-10-22 16:16:53] [WARNING] [USA-CA04437-X] Retry 3/3 in 4.6s (status 429)
[2025-10-22 16:16:53] [WARNING] [USA-DISH862-X] Retry 2/3 in 2.7s (status 429)
[2025-10-22 16:16:54] [WARNING] [USA-CA00056-X] Retry 3/3 in 4.4s (status 429)
[2025-10-22 16:16:54] [WARNING] [USA-DITV807-X] Retry 3/3 in 4.6s (status 429)
[2025-10-22 16:16:55] [WARNING] [USA-CA04487-X] Retry 3/3 in 4.5s (status 429)
[2025-10-22 16:16:55] [WARNING] [USA-CA54023-X] Retry 3/3 in 4.5s (status 429)
[2025-10-22 16:16:56] [WARNING] [USA-DISH862-X] Retry 3/3 in 4.3s (status 429)
[2025-10-22 16:16:58] [WARNING] [USA-CA04437-X] Retry 1/3 in 1.7s (status 429)
[2025-10-22 16:16:59] [WARNING] [USA-CA00056-X] Retry 1/3 in 1.9s (status 429)
[2025-10-22 16:17:00] [WARNING] [USA-CA04437-X] Retry 2/3 in 2.2s (status 429)
[2025-10-22 16:17:00] [WARNING] [USA-DITV807-X] Retry 1/3 in 1.7s (status 429)
[2025-10-22 16:17:00] [WARNING] [USA-CA04487-X] Retry 1/3 in 1.9s (status 429)
[2025-10-22 16:17:00] [WARNING] [USA-CA54023-X] Retry 1/3 in 1.6s (status 429)
[2025-10-22 16:17:01] [WARNING] [USA-CA00056-X] Retry 2/3 in 2.3s (status 429)
[2025-10-22 16:17:01] [WARNING] [USA-DISH862-X] Retry 1/3 in 1.1s (status 429)
[2025-10-22 16:17:02] [WARNING] [USA-DITV807-X] Retry 2/3 in 2.4s (status 429)
[2025-10-22 16:17:02] [WARNING] [USA-CA54023-X] Retry 2/3 in 2.3s (status 429)
[2025-10-22 16:17:02] [WARNING] [USA-CA04487-X] Retry 2/3 in 2.6s (status 429)
[2025-10-22 16:17:02] [WARNING] [USA-CA04437-X] Retry 3/3 in 4.9s (status 429)
[2025-10-22 16:17:03] [WARNING] [USA-DISH862-X] Retry 2/3 in 2.9s (status 429)
[2025-10-22 16:17:04] [WARNING] [USA-CA00056-X] Retry 3/3 in 4.4s (status 429)
[2025-10-22 16:17:04] [WARNING] [USA-CA54023-X] Retry 3/3 in 4.2s (status 429)
[2025-10-22 16:17:04] [WARNING] [USA-DITV807-X] Retry 3/3 in 4.9s (status 429)
[2025-10-22 16:17:05] [WARNING] [USA-CA04487-X] Retry 3/3 in 4.9s (status 429)
[2025-10-22 16:17:05] [WARNING] [USA-DISH862-X] Retry 3/3 in 4.8s (status 429)
[2025-10-22 16:17:08] [WARNING] [USA-CA04437-X] Retry 1/3 in 1.4s (status 429)
[2025-10-22 16:17:09] [WARNING] [USA-CA00056-X] Retry 1/3 in 1.5s (status 429)
[2025-10-22 16:17:09] [INFO]   [USA-DITV807-X] 611 channels, 48048 events
[2025-10-22 16:17:09] [WARNING] [USA-CA54023-X] Retry 1/3 in 1.7s (status 429)
[2025-10-22 16:17:10] [WARNING] [USA-CA04437-X] Retry 2/3 in 2.7s (status 429)
[2025-10-22 16:17:11] [WARNING] [USA-CA00056-X] Retry 2/3 in 2.9s (status 429)
[2025-10-22 16:17:11] [WARNING] [USA-CA04487-X] Retry 1/3 in 1.3s (status 429)
[2025-10-22 16:17:11] [WARNING] [USA-CA54023-X] Retry 2/3 in 2.2s (status 429)
[2025-10-22 16:17:11] [WARNING] [USA-DISH862-X] Retry 1/3 in 1.5s (status 429)
[2025-10-22 16:17:12] [WARNING] [USA-CA04487-X] Retry 2/3 in 2.0s (status 429)
[2025-10-22 16:17:12] [WARNING] [USA-CA04437-X] Retry 3/3 in 4.7s (status 429)
[2025-10-22 16:17:13] [WARNING] [USA-DISH862-X] Retry 2/3 in 2.3s (status 429)
[2025-10-22 16:17:13] [WARNING] [USA-CA54023-X] Retry 3/3 in 4.9s (status 429)
[2025-10-22 16:17:14] [WARNING] [USA-CA00056-X] Retry 3/3 in 4.4s (status 429)
[2025-10-22 16:17:14] [WARNING] [USA-CA04487-X] Retry 3/3 in 4.9s (status 429)
[2025-10-22 16:17:15] [WARNING] [USA-DISH862-X] Retry 3/3 in 4.1s (status 429)
[2025-10-22 16:17:18] [WARNING] [USA-CA04437-X] Retry 1/3 in 1.7s (status 429)
[2025-10-22 16:17:19] [WARNING] [USA-CA00056-X] Retry 1/3 in 2.0s (status 429)
[2025-10-22 16:17:19] [INFO]   [USA-CA04487-X] 534 channels, 38071 events
[2025-10-22 16:17:19] [WARNING] [USA-CA54023-X] Retry 1/3 in 1.4s (status 429)
[2025-10-22 16:17:20] [WARNING] [USA-CA04437-X] Retry 2/3 in 2.5s (status 429)
[2025-10-22 16:17:20] [WARNING] [USA-DISH862-X] Retry 1/3 in 1.8s (status 429)
[2025-10-22 16:17:21] [WARNING] [USA-CA54023-X] Retry 2/3 in 2.1s (status 429)
[2025-10-22 16:17:21] [WARNING] [USA-CA00056-X] Retry 2/3 in 2.6s (status 429)
[2025-10-22 16:17:22] [WARNING] [USA-DISH862-X] Retry 2/3 in 2.6s (status 429)
[2025-10-22 16:17:22] [WARNING] [USA-CA04437-X] Retry 3/3 in 4.5s (status 429)
[2025-10-22 16:17:23] [WARNING] [USA-CA54023-X] Retry 3/3 in 4.3s (status 429)
[2025-10-22 16:17:24] [WARNING] [USA-CA00056-X] Retry 3/3 in 5.0s (status 429)
[2025-10-22 16:17:25] [WARNING] [USA-DISH862-X] Retry 3/3 in 4.9s (status 429)
[2025-10-22 16:17:28] [WARNING] [USA-CA04437-X] Retry 1/3 in 1.9s (status 429)
[2025-10-22 16:17:28] [WARNING] [USA-CA54023-X] Retry 1/3 in 1.8s (status 429)
[2025-10-22 16:17:30] [WARNING] [USA-CA00056-X] Retry 1/3 in 1.0s (status 429)
[2025-10-22 16:17:30] [WARNING] [USA-CA04437-X] Retry 2/3 in 2.6s (status 429)
[2025-10-22 16:17:30] [WARNING] [USA-CA54023-X] Retry 2/3 in 2.5s (status 429)
[2025-10-22 16:17:31] [WARNING] [USA-CA00056-X] Retry 2/3 in 3.0s (status 429)
[2025-10-22 16:17:31] [WARNING] [USA-DISH862-X] Retry 1/3 in 1.7s (status 429)
[2025-10-22 16:17:32] [WARNING] [USA-DISH862-X] Retry 2/3 in 2.4s (status 429)
[2025-10-22 16:17:33] [WARNING] [USA-CA04437-X] Retry 3/3 in 4.9s (status 429)
[2025-10-22 16:17:33] [WARNING] [USA-CA54023-X] Retry 3/3 in 4.6s (status 429)
[2025-10-22 16:17:34] [WARNING] [USA-CA00056-X] Retry 3/3 in 4.8s (status 429)
[2025-10-22 16:17:35] [WARNING] [USA-DISH862-X] Retry 3/3 in 4.1s (status 429)
[2025-10-22 16:17:38] [WARNING] [USA-CA54023-X] Retry 1/3 in 1.9s (status 429)
[2025-10-22 16:17:38] [WARNING] [USA-CA04437-X] Retry 1/3 in 1.3s (status 429)
[2025-10-22 16:17:40] [WARNING] [USA-CA00056-X] Retry 1/3 in 1.8s (status 429)
[2025-10-22 16:17:40] [WARNING] [USA-CA04437-X] Retry 2/3 in 2.2s (status 429)
[2025-10-22 16:17:40] [WARNING] [USA-DISH862-X] Retry 1/3 in 1.2s (status 429)
[2025-10-22 16:17:40] [WARNING] [USA-CA54023-X] Retry 2/3 in 2.3s (status 429)
[2025-10-22 16:17:41] [WARNING] [USA-DISH862-X] Retry 2/3 in 3.0s (status 429)
[2025-10-22 16:17:41] [WARNING] [USA-CA00056-X] Retry 2/3 in 2.7s (status 429)
[2025-10-22 16:17:42] [WARNING] [USA-CA04437-X] Retry 3/3 in 4.0s (status 429)
[2025-10-22 16:17:43] [WARNING] [USA-CA54023-X] Retry 3/3 in 4.7s (status 429)
[2025-10-22 16:17:44] [WARNING] [USA-CA00056-X] Retry 3/3 in 4.3s (status 429)
[2025-10-22 16:17:44] [WARNING] [USA-DISH862-X] Retry 3/3 in 4.9s (status 429)
[2025-10-22 16:17:47] [WARNING] [USA-CA04437-X] Retry 1/3 in 1.4s (status 429)
[2025-10-22 16:17:48] [WARNING] [USA-CA54023-X] Retry 1/3 in 1.9s (status 429)
[2025-10-22 16:17:49] [WARNING] [USA-CA04437-X] Retry 2/3 in 2.1s (status 429)
[2025-10-22 16:17:50] [WARNING] [USA-CA00056-X] Retry 1/3 in 1.6s (status 429)
[2025-10-22 16:17:50] [WARNING] [USA-CA54023-X] Retry 2/3 in 2.9s (status 429)
[2025-10-22 16:17:50] [WARNING] [USA-DISH862-X] Retry 1/3 in 1.5s (status 429)
[2025-10-22 16:17:51] [WARNING] [USA-CA04437-X] Retry 3/3 in 4.1s (status 429)
[2025-10-22 16:17:51] [WARNING] [USA-CA00056-X] Retry 2/3 in 3.0s (status 429)
[2025-10-22 16:17:52] [WARNING] [USA-DISH862-X] Retry 2/3 in 2.7s (status 429)
[2025-10-22 16:17:53] [WARNING] [USA-CA54023-X] Retry 3/3 in 4.8s (status 429)
[2025-10-22 16:17:54] [WARNING] [USA-CA00056-X] Retry 3/3 in 4.6s (status 429)
[2025-10-22 16:17:55] [WARNING] [USA-DISH862-X] Retry 3/3 in 4.5s (status 429)
[2025-10-22 16:17:56] [WARNING] [USA-CA04437-X] Retry 1/3 in 1.3s (status 429)
[2025-10-22 16:17:57] [WARNING] [USA-CA04437-X] Retry 2/3 in 2.3s (status 429)
[2025-10-22 16:17:59] [WARNING] [USA-CA54023-X] Retry 1/3 in 1.8s (status 429)
[2025-10-22 16:18:00] [WARNING] [USA-CA04437-X] Retry 3/3 in 4.5s (status 429)
[2025-10-22 16:18:00] [WARNING] [USA-CA00056-X] Retry 1/3 in 1.8s (status 429)
[2025-10-22 16:18:00] [WARNING] [USA-DISH862-X] Retry 1/3 in 1.5s (status 429)
[2025-10-22 16:18:01] [WARNING] [USA-CA54023-X] Retry 2/3 in 2.1s (status 429)
[2025-10-22 16:18:02] [WARNING] [USA-CA00056-X] Retry 2/3 in 2.7s (status 429)
[2025-10-22 16:18:02] [WARNING] [USA-DISH862-X] Retry 2/3 in 2.5s (status 429)
[2025-10-22 16:18:03] [WARNING] [USA-CA54023-X] Retry 3/3 in 4.2s (status 429)
[2025-10-22 16:18:04] [WARNING] [USA-DISH862-X] Retry 3/3 in 4.9s (status 429)
[2025-10-22 16:18:04] [WARNING] [USA-CA00056-X] Retry 3/3 in 4.9s (status 429)
[2025-10-22 16:18:05] [WARNING] [USA-CA04437-X] Retry 1/3 in 2.0s (status 429)
[2025-10-22 16:18:07] [WARNING] [USA-CA04437-X] Retry 2/3 in 2.3s (status 429)
[2025-10-22 16:18:08] [WARNING] [USA-CA54023-X] Retry 1/3 in 1.1s (status 429)
[2025-10-22 16:18:09] [WARNING] [USA-CA54023-X] Retry 2/3 in 2.7s (status 429)
[2025-10-22 16:18:10] [WARNING] [USA-CA04437-X] Retry 3/3 in 4.0s (status 429)
[2025-10-22 16:18:10] [WARNING] [USA-DISH862-X] Retry 1/3 in 1.0s (status 429)
[2025-10-22 16:18:10] [WARNING] [USA-CA00056-X] Retry 1/3 in 2.0s (status 429)
[2025-10-22 16:18:11] [WARNING] [USA-DISH862-X] Retry 2/3 in 2.8s (status 429)
[2025-10-22 16:18:12] [WARNING] [USA-CA54023-X] Retry 3/3 in 4.8s (status 429)
[2025-10-22 16:18:12] [WARNING] [USA-CA00056-X] Retry 2/3 in 2.6s (status 429)
[2025-10-22 16:18:14] [WARNING] [USA-DISH862-X] Retry 3/3 in 4.4s (status 429)
[2025-10-22 16:18:15] [WARNING] [USA-CA04437-X] Retry 1/3 in 1.4s (status 429)
[2025-10-22 16:18:15] [WARNING] [USA-CA00056-X] Retry 3/3 in 4.5s (status 429)
[2025-10-22 16:18:16] [WARNING] [USA-CA04437-X] Retry 2/3 in 2.9s (status 429)
[2025-10-22 16:18:18] [WARNING] [USA-CA54023-X] Retry 1/3 in 1.5s (status 429)
[2025-10-22 16:18:19] [WARNING] [USA-CA04437-X] Retry 3/3 in 4.5s (status 429)
[2025-10-22 16:18:19] [WARNING] [USA-CA54023-X] Retry 2/3 in 2.7s (status 429)
[2025-10-22 16:18:19] [WARNING] [USA-DISH862-X] Retry 1/3 in 1.8s (status 429)
[2025-10-22 16:18:20] [WARNING] [USA-CA00056-X] Retry 1/3 in 1.8s (status 429)
[2025-10-22 16:18:21] [WARNING] [USA-DISH862-X] Retry 2/3 in 2.2s (status 429)
[2025-10-22 16:18:22] [WARNING] [USA-CA54023-X] Retry 3/3 in 4.1s (status 429)
[2025-10-22 16:18:22] [WARNING] [USA-CA00056-X] Retry 2/3 in 2.9s (status 429)
[2025-10-22 16:18:24] [WARNING] [USA-DISH862-X] Retry 3/3 in 4.5s (status 429)
[2025-10-22 16:18:25] [WARNING] [USA-CA04437-X] Retry 1/3 in 1.8s (status 429)
[2025-10-22 16:18:25] [WARNING] [USA-CA00056-X] Retry 3/3 in 4.2s (status 429)
[2025-10-22 16:18:26] [WARNING] [USA-CA04437-X] Retry 2/3 in 2.9s (status 429)
[2025-10-22 16:18:27] [WARNING] [USA-CA54023-X] Retry 1/3 in 1.0s (status 429)
[2025-10-22 16:18:28] [WARNING] [USA-CA54023-X] Retry 2/3 in 2.1s (status 429)
[2025-10-22 16:18:29] [WARNING] [USA-DISH862-X] Retry 1/3 in 1.7s (status 429)
[2025-10-22 16:18:29] [WARNING] [USA-CA04437-X] Retry 3/3 in 4.0s (status 429)
[2025-10-22 16:18:31] [WARNING] [USA-CA54023-X] Retry 3/3 in 5.0s (status 429)
[2025-10-22 16:18:31] [WARNING] [USA-CA00056-X] Retry 1/3 in 1.6s (status 429)
[2025-10-22 16:18:31] [WARNING] [USA-DISH862-X] Retry 2/3 in 3.0s (status 429)
[2025-10-22 16:18:32] [WARNING] [USA-CA00056-X] Retry 2/3 in 3.0s (status 429)
[2025-10-22 16:18:34] [WARNING] [USA-DISH862-X] Retry 3/3 in 4.9s (status 429)
[2025-10-22 16:18:34] [WARNING] [USA-CA04437-X] Retry 1/3 in 1.1s (status 429)
[2025-10-22 16:18:35] [WARNING] [USA-CA00056-X] Retry 3/3 in 4.0s (status 429)
[2025-10-22 16:18:35] [WARNING] [USA-CA04437-X] Retry 2/3 in 3.0s (status 429)
[2025-10-22 16:18:37] [WARNING] [USA-CA54023-X] Retry 1/3 in 1.8s (status 429)
[2025-10-22 16:18:38] [WARNING] [USA-CA54023-X] Retry 2/3 in 2.0s (status 429)
[2025-10-22 16:18:38] [WARNING] [USA-CA04437-X] Retry 3/3 in 4.3s (status 429)
[2025-10-22 16:18:39] [INFO]   [USA-CA00056-X] 519 channels, 10599 events
[2025-10-22 16:18:40] [WARNING] [USA-DISH862-X] Retry 1/3 in 1.1s (status 429)
[2025-10-22 16:18:40] [WARNING] [USA-CA54023-X] Retry 3/3 in 4.4s (status 429)
[2025-10-22 16:18:41] [WARNING] [USA-DISH862-X] Retry 2/3 in 2.4s (status 429)
[2025-10-22 16:18:44] [WARNING] [USA-DISH862-X] Retry 3/3 in 4.2s (status 429)
[2025-10-22 16:18:44] [WARNING] [USA-CA04437-X] Retry 1/3 in 1.6s (status 429)
[2025-10-22 16:18:45] [WARNING] [USA-CA04437-X] Retry 2/3 in 2.2s (status 429)
[2025-10-22 16:18:46] [WARNING] [USA-CA54023-X] Retry 1/3 in 1.6s (status 429)
[2025-10-22 16:18:48] [WARNING] [USA-CA54023-X] Retry 2/3 in 2.9s (status 429)
[2025-10-22 16:18:48] [WARNING] [USA-CA04437-X] Retry 3/3 in 4.2s (status 429)
[2025-10-22 16:18:49] [WARNING] [USA-DISH862-X] Retry 1/3 in 1.7s (status 429)
[2025-10-22 16:18:50] [WARNING] [USA-DISH862-X] Retry 2/3 in 3.0s (status 429)
[2025-10-22 16:18:50] [WARNING] [USA-CA54023-X] Retry 3/3 in 4.7s (status 429)
[2025-10-22 16:18:53] [WARNING] [USA-CA04437-X] Retry 1/3 in 1.4s (status 429)
[2025-10-22 16:18:53] [WARNING] [USA-DISH862-X] Retry 3/3 in 5.0s (status 429)
[2025-10-22 16:18:54] [WARNING] [USA-CA04437-X] Retry 2/3 in 2.2s (status 429)
[2025-10-22 16:18:56] [WARNING] [USA-CA54023-X] Retry 1/3 in 1.9s (status 429)
[2025-10-22 16:18:56] [WARNING] [USA-CA04437-X] Retry 3/3 in 4.9s (status 429)
[2025-10-22 16:18:58] [WARNING] [USA-CA54023-X] Retry 2/3 in 2.7s (status 429)
[2025-10-22 16:19:00] [WARNING] [USA-DISH862-X] Retry 1/3 in 1.7s (status 429)
[2025-10-22 16:19:01] [WARNING] [USA-CA54023-X] Retry 3/3 in 4.3s (status 429)
[2025-10-22 16:19:01] [WARNING] [USA-DISH862-X] Retry 2/3 in 2.6s (status 429)
[2025-10-22 16:19:01] [INFO]   [USA-CA04437-X] 0 channels, 0 events
[2025-10-22 16:19:04] [WARNING] [USA-DISH862-X] Retry 3/3 in 4.7s (status 429)
[2025-10-22 16:19:05] [INFO]   [USA-CA54023-X] 0 channels, 0 events
[2025-10-22 16:19:10] [WARNING] [USA-DISH862-X] Retry 1/3 in 1.5s (status 429)
[2025-10-22 16:30:10] [INFO] Starting EPG fetch for 46 lineup(s)
[2025-10-22 16:30:10] [INFO]   Timespan: 24 hours
[2025-10-22 16:30:10] [INFO]   Parallel: True (workers: 5)
[2025-10-22 16:30:15] [INFO]   [USA-CA63552-X] 113 channels, 3391 events
[2025-10-22 16:30:15] [INFO]   [USA-SC39467-X] 154 channels, 4049 events
[2025-10-22 16:30:15] [INFO]   [USA-CA04536-X] 244 channels, 6692 events
[2025-10-22 16:30:16] [INFO]   [USA-CA04423-X] 315 channels, 8350 events
[2025-10-22 16:30:16] [INFO]   [USA-CA04577-X] 518 channels, 12876 events
[2025-10-22 16:30:19] [INFO]   [USA-CA63870-X] 121 channels, 3633 events
[2025-10-22 16:30:19] [INFO]   [USA-CA70211-X] 99 channels, 2792 events
[2025-10-22 16:30:20] [INFO]   [USA-CA64361-X] 148 channels, 4305 events
[2025-10-22 16:30:20] [INFO]   [USA-CA04523-X] 625 channels, 15391 events
[2025-10-22 16:30:22] [INFO]   [USA-CA04818-X] 562 channels, 13552 events
[2025-10-22 16:30:24] [INFO]   [USA-CA04563-X] 481 channels, 12576 events
[2025-10-22 16:30:25] [INFO]   [USA-CA55363-X] 592 channels, 14650 events
[2025-10-22 16:30:25] [INFO]   [USA-CA67659-X] 578 channels, 15397 events
[2025-10-22 16:30:26] [INFO]   [USA-CA66343-X] 596 channels, 16001 events
[2025-10-22 16:30:27] [INFO]   [USA-CA04931-X] 527 channels, 14194 events
[2025-10-22 16:30:29] [INFO]   [USA-CA02268-X] 322 channels, 8673 events
[2025-10-22 16:30:30] [INFO]   [USA-CA58597-X] 533 channels, 14150 events
[2025-10-22 16:30:31] [INFO]   [USA-NY66739-X] 617 channels, 13271 events
[2025-10-22 16:30:31] [INFO]   [USA-DITV501-X] 615 channels, 16553 events
[2025-10-22 16:30:32] [INFO]   [USA-ECHOST-X] 488 channels, 12697 events
[2025-10-22 16:30:34] [INFO]   [USA-CA04863-X] 310 channels, 8294 events
[2025-10-22 16:30:35] [INFO]   [USA-CA57315-L] 498 channels, 12862 events
[2025-10-22 16:30:36] [INFO]   [USA-DISH803-X] 584 channels, 15670 events
[2025-10-22 16:30:36] [INFO]   [USA-CA67310-L] 504 channels, 12895 events
[2025-10-22 16:30:38] [INFO]   [USA-CA04768-X] 647 channels, 16364 events
[2025-10-22 16:30:39] [INFO]   [USA-DITV803-X] 614 channels, 16526 events
[2025-10-22 16:30:40] [INFO]   [USA-CA67310-X] 463 channels, 11835 events
[2025-10-22 16:30:41] [INFO]   [USA-IL56991-X] 599 channels, 14766 events
[2025-10-22 16:30:42] [INFO]   [USA-CO68828-X] 511 channels, 13521 events
[2025-10-22 16:30:43] [INFO]   [USA-CA04486-X] 310 channels, 8309 events
[2025-10-22 16:30:45] [INFO]   [USA-DITV825-X] 590 channels, 15783 events
[2025-10-22 16:30:45] [INFO]   [USA-CA66564-X] 583 channels, 15644 events
[2025-10-22 16:30:45] [INFO]   [USA-CA71911-X] 93 channels, 2533 events
[2025-10-22 16:30:47] [INFO]   [USA-DISH825-X] 542 channels, 14467 events
[2025-10-22 16:30:48] [INFO]   [USA-DITV804-X] 578 channels, 15417 events
[2025-10-22 16:30:50] [INFO]   [USA-CA04542-L] 466 channels, 11646 events
[2025-10-22 16:30:50] [INFO]   [USA-CO68610-X] 708 channels, 15472 events
[2025-10-22 16:30:50] [INFO]   [USA-CA65644-L] 461 channels, 11630 events
[2025-10-22 16:30:52] [INFO]   [USA-CA04470-L] 432 channels, 10809 events
[2025-10-22 16:30:52] [INFO]   [USA-CA63959-X] 136 channels, 3058 events
[2025-10-22 16:30:55] [INFO]   [USA-DITV807-X] 611 channels, 16473 events
[2025-10-22 16:30:56] [INFO]   [USA-CA00056-X] 519 channels, 13915 events
[2025-10-22 16:30:56] [INFO]   [USA-CA04487-X] 534 channels, 14247 events
[2025-10-22 16:30:57] [INFO]   [USA-CA04437-X] 576 channels, 14136 events
[2025-10-22 16:30:58] [INFO]   [USA-CA54023-X] 555 channels, 13634 events
[2025-10-22 16:31:01] [INFO]   [USA-DISH862-X] 541 channels, 14467 events
[2025-10-22 16:31:01] [INFO] Fetch complete: 46 succeeded, 0 failed
[2025-10-22 16:31:01] [INFO]   Total unique channels: 3524
[2025-10-22 16:31:01] [INFO]   Total events: 547566
[2025-10-22 16:31:06] [INFO] Writing 547566 valid events to XML
[2025-10-22 16:31:08] [INFO] EPG successfully written to /home/sftech13/GraceNote-EPG/EPG.xml
[2025-10-23 08:43:32] [INFO] Starting EPG fetch for 46 lineup(s)
[2025-10-23 08:43:32] [INFO]   Timespan: 24 hours
[2025-10-23 08:43:32] [INFO]   Parallel: True (workers: 5)
[2025-10-23 08:43:36] [INFO]   [USA-CA63552-X] 113 channels, 3376 events
[2025-10-23 08:43:36] [INFO]   [USA-SC39467-X] 154 channels, 4033 events
[2025-10-23 08:43:36] [INFO]   [USA-CA04536-X] 244 channels, 6684 events
[2025-10-23 08:43:37] [INFO]   [USA-CA04423-X] 315 channels, 8335 events
[2025-10-23 08:43:37] [INFO]   [USA-CA04577-X] 518 channels, 12839 events
[2025-10-23 08:43:41] [INFO]   [USA-CA63870-X] 121 channels, 3594 events
[2025-10-23 08:43:41] [INFO]   [USA-CA70211-X] 99 channels, 2766 events
[2025-10-23 08:43:41] [INFO]   [USA-CA64361-X] 148 channels, 4251 events
[2025-10-23 08:43:42] [INFO]   [USA-CA04523-X] 625 channels, 15359 events
[2025-10-23 08:43:43] [INFO]   [USA-CA04818-X] 562 channels, 13480 events
[2025-10-23 08:43:46] [INFO]   [USA-CA04563-X] 481 channels, 12486 events
[2025-10-23 08:43:46] [INFO]   [USA-CA55363-X] 592 channels, 14550 events
[2025-10-23 08:43:47] [INFO]   [USA-CA66343-X] 596 channels, 15947 events
[2025-10-23 08:43:48] [INFO]   [USA-CA67659-X] 578 channels, 15350 events
[2025-10-23 08:43:49] [INFO]   [USA-CA04931-X] 527 channels, 14103 events
[2025-10-23 08:43:52] [INFO]   [USA-CA02268-X] 322 channels, 8593 events
[2025-10-23 08:43:52] [INFO]   [USA-CA58597-X] 533 channels, 14058 events
[2025-10-23 08:43:53] [INFO]   [USA-NY66739-X] 617 channels, 13054 events
[2025-10-23 08:43:53] [INFO]   [USA-DITV501-X] 615 channels, 16522 events
[2025-10-23 08:43:55] [INFO]   [USA-ECHOST-X] 488 channels, 12510 events
[2025-10-23 08:43:57] [INFO]   [USA-CA57315-L] 498 channels, 12827 events
[2025-10-23 08:43:57] [INFO]   [USA-CA04863-X] 310 channels, 8244 events
[2025-10-23 08:43:58] [INFO]   [USA-DISH803-X] 584 channels, 15471 events
[2025-10-23 08:44:00] [INFO]   [USA-CA67310-L] 504 channels, 12868 events
[2025-10-23 08:44:01] [INFO]   [USA-CA04768-X] 647 channels, 16330 events
[2025-10-23 08:44:03] [INFO]   [USA-CA67310-X] 463 channels, 11778 events
[2025-10-23 08:44:03] [INFO]   [USA-DITV803-X] 614 channels, 16483 events
[2025-10-23 08:44:04] [INFO]   [USA-IL56991-X] 599 channels, 14661 events
[2025-10-23 08:44:06] [INFO]   [USA-CA04486-X] 310 channels, 8261 events
[2025-10-23 08:44:06] [INFO]   [USA-CO68828-X] 512 channels, 13453 events
[2025-10-23 08:44:09] [INFO]   [USA-CA71911-X] 93 channels, 2553 events
[2025-10-23 08:44:10] [INFO]   [USA-DITV825-X] 590 channels, 15732 events
[2025-10-23 08:44:10] [INFO]   [USA-CA66564-X] 583 channels, 15595 events
[2025-10-23 08:44:12] [INFO]   [USA-DISH825-X] 542 channels, 14263 events
[2025-10-23 08:44:12] [INFO]   [USA-DITV804-X] 578 channels, 15366 events
[2025-10-23 08:44:15] [INFO]   [USA-CA04542-L] 466 channels, 11597 events
[2025-10-23 08:44:15] [INFO]   [USA-CA65644-L] 461 channels, 11574 events
[2025-10-23 08:44:16] [INFO]   [USA-CO68610-X] 708 channels, 15471 events
[2025-10-23 08:44:17] [INFO]   [USA-CA63959-X] 136 channels, 3031 events
[2025-10-23 08:44:18] [INFO]   [USA-CA04470-L] 432 channels, 10748 events
[2025-10-23 08:44:21] [INFO]   [USA-DITV807-X] 611 channels, 16408 events
[2025-10-23 08:44:22] [INFO]   [USA-CA04487-X] 534 channels, 14148 events
[2025-10-23 08:44:23] [INFO]   [USA-CA00056-X] 519 channels, 13814 events
[2025-10-23 08:44:24] [INFO]   [USA-CA54023-X] 555 channels, 13467 events
[2025-10-23 08:44:24] [INFO]   [USA-CA04437-X] 576 channels, 14032 events
[2025-10-23 08:44:26] [INFO]   [USA-DISH862-X] 541 channels, 14278 events
[2025-10-23 08:44:26] [INFO] Fetch complete: 46 succeeded, 0 failed
[2025-10-23 08:44:26] [INFO]   Total unique channels: 3524
[2025-10-23 08:44:26] [INFO]   Total events: 544343
[2025-10-23 08:44:35] [INFO] Writing 544343 valid events to XML
[2025-10-23 08:44:38] [INFO] EPG successfully written to /home/sftech13/GraceNote-EPG/EPG.xml
[2025-10-23 08:49:38] [INFO] Starting EPG fetch for 46 lineup(s)
[2025-10-23 08:49:38] [INFO]   Timespan: 24 hours
[2025-10-23 08:49:38] [INFO]   Parallel: True (workers: 5)
[2025-10-23 08:49:42] [INFO]   [USA-CA63552-X] 113 channels, 3377 events
[2025-10-23 08:49:42] [INFO]   [USA-SC39467-X] 154 channels, 4038 events
[2025-10-23 08:49:43] [INFO]   [USA-CA04423-X] 315 channels, 8343 events
[2025-10-23 08:49:43] [INFO]   [USA-CA04577-X] 518 channels, 12850 events
[2025-10-23 08:49:43] [INFO]   [USA-CA04536-X] 244 channels, 6688 events
[2025-10-23 08:49:46] [INFO]   [USA-CA63870-X] 121 channels, 3595 events
[2025-10-23 08:49:47] [INFO]   [USA-CA70211-X] 99 channels, 2767 events
[2025-10-23 08:49:47] [INFO]   [USA-CA64361-X] 148 channels, 4252 events
[2025-10-23 08:49:47] [INFO]   [USA-CA04523-X] 625 channels, 15369 events
[2025-10-23 08:49:48] [INFO]   [USA-CA04818-X] 562 channels, 13483 events
[2025-10-23 08:49:52] [INFO]   [USA-CA04563-X] 481 channels, 12490 events
[2025-10-23 08:49:52] [INFO]   [USA-CA55363-X] 592 channels, 14552 events
[2025-10-23 08:49:53] [INFO]   [USA-CA67659-X] 578 channels, 15366 events
[2025-10-23 08:49:53] [INFO]   [USA-CA66343-X] 596 channels, 15963 events
[2025-10-23 08:49:55] [INFO]   [USA-CA04931-X] 527 channels, 14104 events
[2025-10-23 08:49:57] [INFO]   [USA-CA02268-X] 322 channels, 8597 events
[2025-10-23 08:49:58] [INFO]   [USA-CA58597-X] 533 channels, 14059 events
[2025-10-23 08:49:59] [INFO]   [USA-NY66739-X] 617 channels, 13056 events
[2025-10-23 08:49:59] [INFO]   [USA-DITV501-X] 615 channels, 16531 events
[2025-10-23 08:50:00] [INFO]   [USA-ECHOST-X] 488 channels, 12518 events
[2025-10-23 08:50:03] [INFO]   [USA-CA57315-L] 498 channels, 12831 events
[2025-10-23 08:50:03] [INFO]   [USA-CA04863-X] 310 channels, 8249 events
[2025-10-23 08:50:04] [INFO]   [USA-DISH803-X] 584 channels, 15479 events
[2025-10-23 08:50:05] [INFO]   [USA-CA67310-L] 504 channels, 12872 events
[2025-10-23 08:50:06] [INFO]   [USA-CA04768-X] 647 channels, 16335 events
[2025-10-23 08:50:08] [INFO]   [USA-CA67310-X] 463 channels, 11781 events
[2025-10-23 08:50:09] [INFO]   [USA-DITV803-X] 614 channels, 16488 events
[2025-10-23 08:50:10] [INFO]   [USA-IL56991-X] 599 channels, 14664 events
[2025-10-23 08:50:10] [INFO]   [USA-CO68828-X] 512 channels, 13459 events
[2025-10-23 08:50:11] [INFO]   [USA-CA04486-X] 310 channels, 8263 events
[2025-10-23 08:50:14] [INFO]   [USA-CA66564-X] 583 channels, 15607 events
[2025-10-23 08:50:14] [INFO]   [USA-CA71911-X] 93 channels, 2554 events
[2025-10-23 08:50:14] [INFO]   [USA-DITV825-X] 590 channels, 15737 events
[2025-10-23 08:50:17] [INFO]   [USA-DITV804-X] 578 channels, 15371 events
[2025-10-23 08:50:17] [INFO]   [USA-DISH825-X] 542 channels, 14268 events
[2025-10-23 08:50:19] [INFO]   [USA-CA04542-L] 466 channels, 11600 events
[2025-10-23 08:50:21] [INFO]   [USA-CA65644-L] 461 channels, 11578 events
[2025-10-23 08:50:21] [INFO]   [USA-CA63959-X] 136 channels, 3032 events
[2025-10-23 08:50:21] [INFO]   [USA-CO68610-X] 708 channels, 15471 events
[2025-10-23 08:50:23] [INFO]   [USA-CA04470-L] 432 channels, 10751 events
[2025-10-23 08:50:25] [INFO]   [USA-DITV807-X] 611 channels, 16413 events
[2025-10-23 08:50:27] [INFO]   [USA-CA04487-X] 534 channels, 14147 events
[2025-10-23 08:50:27] [INFO]   [USA-CA00056-X] 519 channels, 13815 events
[2025-10-23 08:50:27] [INFO]   [USA-CA04437-X] 576 channels, 14032 events
[2025-10-23 08:50:29] [INFO]   [USA-CA54023-X] 555 channels, 13467 events
[2025-10-23 08:50:31] [INFO]   [USA-DISH862-X] 541 channels, 14283 events
[2025-10-23 08:50:31] [INFO] Fetch complete: 46 succeeded, 0 failed
[2025-10-23 08:50:31] [INFO]   Raw channels collected: 21214
[2025-10-23 08:50:31] [INFO] Merging duplicate channels across lineups...
[2025-10-23 08:50:31] [INFO]   Final unique channels: 3524
[2025-10-23 08:50:31] [INFO]   Total events after deduplication: 83618
[2025-10-23 08:50:33] [INFO] Writing 83618 valid events to XML
[2025-10-23 08:50:33] [INFO] EPG successfully written to /home/sftech13/GraceNote-EPG/EPG.xml
[2025-10-23 08:55:59] [INFO] Starting EPG fetch for 46 lineup(s)
[2025-10-23 08:55:59] [INFO]   Timespan: 24 hours
[2025-10-23 08:55:59] [INFO]   Parallel: True (workers: 5)
[2025-10-23 08:56:03] [INFO]   [USA-SC39467-X] 154 channels, 4036 events
[2025-10-23 08:56:03] [INFO]   [USA-CA63552-X] 113 channels, 3377 events
[2025-10-23 08:56:03] [INFO]   [USA-CA04536-X] 244 channels, 6691 events
[2025-10-23 08:56:04] [INFO]   [USA-CA04423-X] 315 channels, 8346 events
[2025-10-23 08:56:04] [INFO]   [USA-CA04577-X] 518 channels, 12849 events
[2025-10-23 08:56:07] [INFO]   [USA-CA70211-X] 99 channels, 2768 events
[2025-10-23 08:56:07] [INFO]   [USA-CA63870-X] 121 channels, 3596 events
[2025-10-23 08:56:08] [INFO]   [USA-CA64361-X] 148 channels, 4252 events
[2025-10-23 08:56:09] [INFO]   [USA-CA04523-X] 625 channels, 15371 events
[2025-10-23 08:56:10] [INFO]   [USA-CA04818-X] 562 channels, 13486 events
[2025-10-23 08:56:13] [INFO]   [USA-CA04563-X] 481 channels, 12492 events
[2025-10-23 08:56:13] [INFO]   [USA-CA55363-X] 592 channels, 14553 events
[2025-10-23 08:56:14] [INFO]   [USA-CA66343-X] 596 channels, 15961 events
[2025-10-23 08:56:14] [INFO]   [USA-CA67659-X] 578 channels, 15364 events
[2025-10-23 08:56:16] [INFO]   [USA-CA04931-X] 527 channels, 14107 events
[2025-10-23 08:56:18] [INFO]   [USA-CA02268-X] 322 channels, 8604 events
[2025-10-23 08:56:18] [INFO]   [USA-CA58597-X] 533 channels, 14062 events
[2025-10-23 08:56:19] [INFO]   [USA-NY66739-X] 617 channels, 13057 events
[2025-10-23 08:56:20] [INFO]   [USA-DITV501-X] 615 channels, 16527 events
[2025-10-23 08:56:21] [INFO]   [USA-ECHOST-X] 488 channels, 12518 events
[2025-10-23 08:56:23] [INFO]   [USA-CA57315-L] 498 channels, 12835 events
[2025-10-23 08:56:24] [INFO]   [USA-CA04863-X] 310 channels, 8250 events
[2025-10-23 08:56:25] [INFO]   [USA-DISH803-X] 584 channels, 15478 events
[2025-10-23 08:56:25] [INFO]   [USA-CA67310-L] 504 channels, 12876 events
[2025-10-23 08:56:27] [INFO]   [USA-CA04768-X] 647 channels, 16344 events
[2025-10-23 08:56:29] [INFO]   [USA-CA67310-X] 463 channels, 11785 events
[2025-10-23 08:56:29] [INFO]   [USA-DITV803-X] 614 channels, 16488 events
[2025-10-23 08:56:31] [INFO]   [USA-IL56991-X] 599 channels, 14666 events
[2025-10-23 08:56:31] [INFO]   [USA-CO68828-X] 512 channels, 13459 events
[2025-10-23 08:56:32] [INFO]   [USA-CA04486-X] 310 channels, 8267 events
[2025-10-23 08:56:35] [INFO]   [USA-CA71911-X] 93 channels, 2555 events
[2025-10-23 08:56:36] [INFO]   [USA-CA66564-X] 583 channels, 15609 events
[2025-10-23 08:56:36] [INFO]   [USA-DITV825-X] 590 channels, 15737 events
[2025-10-23 08:56:36] [INFO]   [USA-DISH825-X] 542 channels, 14270 events
[2025-10-23 08:56:38] [INFO]   [USA-DITV804-X] 578 channels, 15371 events
[2025-10-23 08:56:41] [INFO]   [USA-CA04542-L] 466 channels, 11605 events
[2025-10-23 08:56:41] [INFO]   [USA-CA65644-L] 461 channels, 11583 events
[2025-10-23 08:56:41] [INFO]   [USA-CO68610-X] 708 channels, 15475 events
[2025-10-23 08:56:42] [INFO]   [USA-CA63959-X] 136 channels, 3033 events
[2025-10-23 08:56:42] [INFO]   [USA-CA04470-L] 432 channels, 10756 events
[2025-10-23 08:56:47] [INFO]   [USA-DITV807-X] 611 channels, 16413 events
[2025-10-23 08:56:48] [INFO]   [USA-CA00056-X] 519 channels, 13820 events
[2025-10-23 08:56:48] [INFO]   [USA-CA04487-X] 534 channels, 14154 events
[2025-10-23 08:56:48] [INFO]   [USA-CA04437-X] 576 channels, 14038 events
[2025-10-23 08:56:49] [INFO]   [USA-CA54023-X] 555 channels, 13472 events
[2025-10-23 08:56:52] [INFO]   [USA-DISH862-X] 541 channels, 14285 events
[2025-10-23 08:56:52] [INFO] Fetch complete: 46 succeeded, 0 failed
[2025-10-23 08:56:52] [INFO]   Raw channels collected: 21214
[2025-10-23 08:56:52] [INFO] Merging duplicate channels across lineups...
[2025-10-23 08:56:53] [INFO]   Final unique channels: 3524
[2025-10-23 08:56:53] [INFO]   Total events after deduplication: 83602
[2025-10-23 08:56:54] [INFO] Writing 83602 valid events to XML
[2025-10-23 08:56:55] [INFO] EPG successfully written to /home/sftech13/GraceNote-EPG/EPG.xml
