[2025-10-28 09:20:18] [INFO] Starting EPG fetch for 46 lineup(s)
[2025-10-28 09:20:18] [INFO]   Timespan: 24 hours
[2025-10-28 09:20:18] [INFO]   Parallel: True (workers: 5)
[2025-10-28 09:20:22] [INFO]   [USA-CA63552-X] 113 channels, 3391 events
[2025-10-28 09:20:22] [INFO]   [USA-SC39467-X] 154 channels, 4088 events
[2025-10-28 09:20:23] [INFO]   [USA-CA04536-X] 244 channels, 6687 events
[2025-10-28 09:20:23] [INFO]   [USA-CA04423-X] 315 channels, 8347 events
[2025-10-28 09:20:23] [INFO]   [USA-CA04577-X] 519 channels, 12902 events
[2025-10-28 09:20:27] [INFO]   [USA-CA63870-X] 121 channels, 3623 events
[2025-10-28 09:20:27] [INFO]   [USA-CA70211-X] 99 channels, 2814 events
[2025-10-28 09:20:28] [INFO]   [USA-CA64361-X] 148 channels, 4321 events
[2025-10-28 09:20:28] [INFO]   [USA-CA04523-X] 626 channels, 15436 events
[2025-10-28 09:20:29] [INFO]   [USA-CA04818-X] 562 channels, 13541 events
[2025-10-28 09:20:32] [INFO]   [USA-CA04563-X] 481 channels, 12585 events
[2025-10-28 09:20:33] [INFO]   [USA-CA66343-X] 596 channels, 16100 events
[2025-10-28 09:20:33] [INFO]   [USA-CA55363-X] 592 channels, 14637 events
[2025-10-28 09:20:34] [INFO]   [USA-CA67659-X] 578 channels, 15497 events
[2025-10-28 09:20:35] [INFO]   [USA-CA04931-X] 527 channels, 14192 events
[2025-10-28 09:20:38] [INFO]   [USA-CA02268-X] 322 channels, 8681 events
[2025-10-28 09:20:38] [INFO]   [USA-CA58597-X] 533 channels, 14152 events
[2025-10-28 09:20:39] [INFO]   [USA-DITV501-X] 615 channels, 16636 events
[2025-10-28 09:20:40] [INFO]   [USA-ECHOST-X] 488 channels, 12832 events
[2025-10-28 09:20:43] [INFO]   [USA-NY66739-X] 617 channels, 13823 events
[2025-10-28 09:20:43] [INFO]   [USA-CA57315-L] 498 channels, 12850 events
[2025-10-28 09:20:44] [INFO]   [USA-CA04863-X] 310 channels, 8304 events
[2025-10-28 09:20:44] [INFO]   [USA-DISH803-X] 584 channels, 15797 events
[2025-10-28 09:20:47] [INFO]   [USA-CA67310-L] 505 channels, 12926 events
[2025-10-28 09:20:49] [INFO]   [USA-CA04768-X] 648 channels, 16437 events
[2025-10-28 09:20:49] [INFO]   [USA-DITV803-X] 614 channels, 16597 events
[2025-10-28 09:20:49] [INFO]   [USA-CA67310-X] 464 channels, 11885 events
[2025-10-28 09:20:50] [INFO]   [USA-IL56991-X] 599 channels, 14822 events
[2025-10-28 09:20:53] [INFO]   [USA-CO68828-X] 512 channels, 13507 events
[2025-10-28 09:20:54] [INFO]   [USA-CA04486-X] 310 channels, 8318 events
[2025-10-28 09:20:54] [INFO]   [USA-CA71911-X] 93 channels, 2538 events
[2025-10-28 09:20:56] [INFO]   [USA-DITV825-X] 590 channels, 15866 events
[2025-10-28 09:20:56] [INFO]   [USA-CA66564-X] 583 channels, 15748 events
[2025-10-28 09:20:58] [INFO]   [USA-DISH825-X] 542 channels, 14595 events
[2025-10-28 09:21:00] [INFO]   [USA-DITV804-X] 578 channels, 15510 events
[2025-10-28 09:21:00] [INFO]   [USA-CA04542-L] 467 channels, 11649 events
[2025-10-28 09:21:01] [INFO]   [USA-CA65644-L] 462 channels, 11624 events
[2025-10-28 09:21:02] [INFO]   [USA-CO68610-X] 708 channels, 15328 events
[2025-10-28 09:21:04] [INFO]   [USA-CA63959-X] 136 channels, 3083 events
[2025-10-28 09:21:04] [INFO]   [USA-CA04470-L] 432 channels, 10789 events
[2025-10-28 09:21:06] [INFO]   [USA-DITV807-X] 611 channels, 16544 events
[2025-10-28 09:21:07] [INFO]   [USA-CA04487-X] 534 channels, 14253 events
[2025-10-28 09:21:10] [INFO]   [USA-CA00056-X] 519 channels, 13922 events
[2025-10-28 09:21:10] [INFO]   [USA-CA04437-X] 576 channels, 14129 events
[2025-10-28 09:21:11] [INFO]   [USA-CA54023-X] 555 channels, 13621 events
[2025-10-28 09:21:11] [INFO]   [USA-DISH862-X] 541 channels, 14599 events
[2025-10-28 09:21:11] [INFO] Fetch complete: 46 succeeded, 0 failed
[2025-10-28 09:21:11] [INFO]   Raw channels collected: 21221
[2025-10-28 09:21:11] [INFO] Merging duplicate channels across lineups...
[2025-10-28 09:21:12] [INFO]   Final unique channels: 3524
[2025-10-28 09:21:12] [INFO]   Total events after deduplication: 84377
[2025-10-28 09:21:14] [INFO] Writing 84377 valid events to XML
[2025-10-28 09:21:14] [INFO] EPG successfully written to docs/EPG.xml
[2025-10-28 17:07:58] [INFO] Starting EPG fetch for 1 lineup(s)
[2025-10-28 17:07:58] [INFO]   Timespan: 24 hours
[2025-10-28 17:07:58] [INFO]   Parallel: True (workers: 5)
[2025-10-28 17:07:58] [INFO] Fetching lineup 1/1: USA-CA63552-X
[2025-10-28 17:08:02] [INFO]   [USA-CA63552-X] 113 channels, 3391 events
[2025-10-28 17:08:02] [INFO] Fetch complete: 1 succeeded, 0 failed
[2025-10-28 17:08:02] [INFO]   Raw channels collected: 113
[2025-10-28 17:08:02] [INFO] Merging duplicate channels across lineups...
[2025-10-28 17:08:02] [INFO]   Final unique channels: 113
[2025-10-28 17:08:02] [INFO]   Total events after deduplication: 3391
[2025-10-28 17:08:02] [INFO] Writing 3391 valid events to XML
[2025-10-28 17:08:02] [INFO] EPG successfully written to docs/EPG.xml
[2025-10-28 17:11:26] [INFO] Starting EPG fetch for 46 lineup(s)
[2025-10-28 17:11:26] [INFO]   Timespan: 24 hours
[2025-10-28 17:11:26] [INFO]   Parallel: True (workers: 5)
[2025-10-28 17:11:31] [INFO]   [USA-CA63552-X] 113 channels, 3390 events
[2025-10-28 17:11:31] [INFO]   [USA-CA04536-X] 244 channels, 6687 events
[2025-10-28 17:11:32] [INFO]   [USA-SC39467-X] 154 channels, 4082 events
[2025-10-28 17:11:32] [INFO]   [USA-CA04423-X] 315 channels, 8351 events
[2025-10-28 17:11:32] [INFO]   [USA-CA04577-X] 519 channels, 12907 events
[2025-10-28 17:11:36] [INFO]   [USA-CA63870-X] 121 channels, 3620 events
[2025-10-28 17:11:36] [INFO]   [USA-CA70211-X] 99 channels, 2812 events
[2025-10-28 17:11:36] [INFO]   [USA-CA64361-X] 148 channels, 4314 events
[2025-10-28 17:11:37] [INFO]   [USA-CA04523-X] 626 channels, 15446 events
[2025-10-28 17:11:39] [INFO]   [USA-CA04818-X] 562 channels, 13517 events
[2025-10-28 17:11:43] [INFO]   [USA-CA04563-X] 481 channels, 12564 events
[2025-10-28 17:11:43] [INFO]   [USA-CA55363-X] 592 channels, 14609 events
[2025-10-28 17:11:44] [INFO]   [USA-CA66343-X] 596 channels, 16086 events
[2025-10-28 17:11:44] [INFO]   [USA-CA67659-X] 578 channels, 15482 events
[2025-10-28 17:11:46] [INFO]   [USA-CA04931-X] 527 channels, 14166 events
[2025-10-28 17:11:49] [INFO]   [USA-CA02268-X] 322 channels, 8670 events
[2025-10-28 17:11:50] [INFO]   [USA-DITV501-X] 615 channels, 16619 events
[2025-10-28 17:11:50] [INFO]   [USA-CA58597-X] 533 channels, 14125 events
[2025-10-28 17:11:51] [INFO]   [USA-NY66739-X] 617 channels, 13581 events
[2025-10-28 17:11:53] [INFO]   [USA-ECHOST-X] 488 channels, 12830 events
[2025-10-28 17:11:55] [INFO]   [USA-CA04863-X] 310 channels, 8301 events
[2025-10-28 17:11:56] [INFO]   [USA-CA57315-L] 498 channels, 12852 events
[2025-10-28 17:11:57] [INFO]   [USA-DISH803-X] 584 channels, 15789 events
[2025-10-28 17:11:57] [INFO]   [USA-CA67310-L] 505 channels, 12927 events
[2025-10-28 17:12:00] [INFO]   [USA-CA04768-X] 648 channels, 16446 events
[2025-10-28 17:12:02] [INFO]   [USA-DITV803-X] 614 channels, 16575 events
[2025-10-28 17:12:03] [INFO]   [USA-CO68828-X] 512 channels, 13510 events
[2025-10-28 17:12:04] [INFO]   [USA-CA67310-X] 464 channels, 11884 events
[2025-10-28 17:12:05] [INFO]   [USA-IL56991-X] 599 channels, 14803 events
[2025-10-28 17:12:06] [INFO]   [USA-CA04486-X] 310 channels, 8314 events
[2025-10-28 17:12:08] [INFO]   [USA-CA71911-X] 93 channels, 2536 events
[2025-10-28 17:12:09] [INFO]   [USA-CA66564-X] 583 channels, 15729 events
[2025-10-28 17:12:10] [INFO]   [USA-DITV825-X] 590 channels, 15844 events
[2025-10-28 17:12:12] [INFO]   [USA-DISH825-X] 542 channels, 14586 events
[2025-10-28 17:12:13] [INFO]   [USA-DITV804-X] 578 channels, 15487 events
[2025-10-28 17:12:16] [INFO]   [USA-CA04542-L] 467 channels, 11646 events
[2025-10-28 17:12:16] [INFO]   [USA-CO68610-X] 708 channels, 15340 events
[2025-10-28 17:12:17] [INFO]   [USA-CA65644-L] 462 channels, 11624 events
[2025-10-28 17:12:18] [INFO]   [USA-CA04470-L] 432 channels, 10787 events
[2025-10-28 17:12:18] [INFO]   [USA-CA63959-X] 136 channels, 3077 events
[2025-10-28 17:12:22] [INFO]   [USA-DITV807-X] 611 channels, 16519 events
[2025-10-28 17:12:23] [INFO]   [USA-CA04487-X] 534 channels, 14230 events
[2025-10-28 17:12:25] [INFO]   [USA-CA04437-X] 576 channels, 14100 events
[2025-10-28 17:12:26] [INFO]   [USA-CA00056-X] 519 channels, 13901 events
[2025-10-28 17:12:27] [INFO]   [USA-CA54023-X] 555 channels, 13604 events
[2025-10-28 17:12:29] [INFO]   [USA-DISH862-X] 541 channels, 14592 events
[2025-10-28 17:12:29] [INFO] Fetch complete: 46 succeeded, 0 failed
[2025-10-28 17:12:29] [INFO]   Raw channels collected: 21221
[2025-10-28 17:12:29] [INFO] Merging duplicate channels across lineups...
[2025-10-28 17:12:30] [INFO]   Final unique channels: 3524
[2025-10-28 17:12:30] [INFO]   Total events after deduplication: 84104
[2025-10-28 17:12:33] [INFO] Writing 84104 valid events to XML
[2025-10-28 17:12:34] [INFO] EPG successfully written to docs/EPG.xml
[2025-10-30 01:01:23] [INFO] Starting EPG fetch for 5 lineup(s)
[2025-10-30 01:01:23] [INFO]   Timespan: 24 hours
[2025-10-30 01:01:23] [INFO]   Parallel: True (workers: 5)
[2025-10-30 01:01:23] [DEBUG] [USA-CA63552-X] Fetching chunk 1/4
[2025-10-30 01:01:23] [DEBUG] [USA-CA04423-X] Fetching chunk 1/4
[2025-10-30 01:01:23] [DEBUG] [USA-CA04577-X] Fetching chunk 1/4
[2025-10-30 01:01:23] [DEBUG] [USA-CA04536-X] Fetching chunk 1/4
[2025-10-30 01:01:23] [DEBUG] [USA-SC39467-X] Fetching chunk 1/4
[2025-10-30 01:01:23] [DEBUG] Starting new HTTPS connection (1): tvlistings.gracenote.com:443
[2025-10-30 01:01:23] [DEBUG] Starting new HTTPS connection (1): tvlistings.gracenote.com:443
[2025-10-30 01:01:23] [DEBUG] Starting new HTTPS connection (1): tvlistings.gracenote.com:443
[2025-10-30 01:01:23] [DEBUG] Starting new HTTPS connection (1): tvlistings.gracenote.com:443
[2025-10-30 01:01:23] [DEBUG] Starting new HTTPS connection (1): tvlistings.gracenote.com:443
[2025-10-30 01:01:23] [DEBUG] https://tvlistings.gracenote.com:443 "GET /api/grid?lineupId=USA-SC39467-X&timespan=6&headendId=SC39467&country=USA&device=X&isOverride=true&postalCode=-&time=1761786083&pref=16,128&userId=c5f52233&aid=chi&languagecode=en-us HTTP/1.1" 200 None
[2025-10-30 01:01:23] [DEBUG] https://tvlistings.gracenote.com:443 "GET /api/grid?lineupId=USA-CA63552-X&timespan=6&headendId=CA63552&country=USA&device=X&isOverride=true&postalCode=-&time=1761786083&pref=16,128&userId=c890ee5f&aid=chi&languagecode=en-us HTTP/1.1" 200 None
[2025-10-30 01:01:24] [DEBUG] https://tvlistings.gracenote.com:443 "GET /api/grid?lineupId=USA-CA04536-X&timespan=6&headendId=CA04536&country=USA&device=X&isOverride=true&postalCode=-&time=1761786083&pref=16,128&userId=1cfd20c8&aid=chi&languagecode=en-us HTTP/1.1" 200 None
[2025-10-30 01:01:24] [DEBUG] https://tvlistings.gracenote.com:443 "GET /api/grid?lineupId=USA-CA04423-X&timespan=6&headendId=CA04423&country=USA&device=X&isOverride=true&postalCode=-&time=1761786083&pref=16,128&userId=2269b627&aid=chi&languagecode=en-us HTTP/1.1" 200 None
[2025-10-30 01:01:24] [DEBUG] https://tvlistings.gracenote.com:443 "GET /api/grid?lineupId=USA-CA04577-X&timespan=6&headendId=CA04577&country=USA&device=X&isOverride=true&postalCode=-&time=1761786083&pref=16,128&userId=e70b547e&aid=chi&languagecode=en-us HTTP/1.1" 200 None
[2025-10-30 01:01:25] [DEBUG] [USA-CA63552-X] Fetching chunk 2/4
[2025-10-30 01:01:25] [DEBUG] [USA-SC39467-X] Fetching chunk 2/4
[2025-10-30 01:01:25] [DEBUG] https://tvlistings.gracenote.com:443 "GET /api/grid?lineupId=USA-CA63552-X&timespan=6&headendId=CA63552&country=USA&device=X&isOverride=true&postalCode=-&time=1761807683&pref=16,128&userId=6f50d82b&aid=chi&languagecode=en-us HTTP/1.1" 200 None
[2025-10-30 01:01:25] [DEBUG] https://tvlistings.gracenote.com:443 "GET /api/grid?lineupId=USA-SC39467-X&timespan=6&headendId=SC39467&country=USA&device=X&isOverride=true&postalCode=-&time=1761807683&pref=16,128&userId=61d7d91e&aid=chi&languagecode=en-us HTTP/1.1" 200 None
[2025-10-30 01:01:25] [DEBUG] [USA-CA04536-X] Fetching chunk 2/4
[2025-10-30 01:01:25] [DEBUG] [USA-CA04423-X] Fetching chunk 2/4
[2025-10-30 01:01:25] [DEBUG] [USA-CA04577-X] Fetching chunk 2/4
[2025-10-30 01:01:25] [DEBUG] https://tvlistings.gracenote.com:443 "GET /api/grid?lineupId=USA-CA04536-X&timespan=6&headendId=CA04536&country=USA&device=X&isOverride=true&postalCode=-&time=1761807683&pref=16,128&userId=90ef89c2&aid=chi&languagecode=en-us HTTP/1.1" 200 None
[2025-10-30 01:01:25] [DEBUG] https://tvlistings.gracenote.com:443 "GET /api/grid?lineupId=USA-CA04423-X&timespan=6&headendId=CA04423&country=USA&device=X&isOverride=true&postalCode=-&time=1761807683&pref=16,128&userId=7bb521d0&aid=chi&languagecode=en-us HTTP/1.1" 200 None
[2025-10-30 01:01:25] [DEBUG] https://tvlistings.gracenote.com:443 "GET /api/grid?lineupId=USA-CA04577-X&timespan=6&headendId=CA04577&country=USA&device=X&isOverride=true&postalCode=-&time=1761807683&pref=16,128&userId=ded8a4be&aid=chi&languagecode=en-us HTTP/1.1" 200 None
[2025-10-30 01:01:26] [DEBUG] [USA-CA63552-X] Fetching chunk 3/4
[2025-10-30 01:01:26] [DEBUG] [USA-SC39467-X] Fetching chunk 3/4
[2025-10-30 01:01:26] [DEBUG] https://tvlistings.gracenote.com:443 "GET /api/grid?lineupId=USA-CA63552-X&timespan=6&headendId=CA63552&country=USA&device=X&isOverride=true&postalCode=-&time=1761829283&pref=16,128&userId=b519b90a&aid=chi&languagecode=en-us HTTP/1.1" 200 None
[2025-10-30 01:01:26] [DEBUG] https://tvlistings.gracenote.com:443 "GET /api/grid?lineupId=USA-SC39467-X&timespan=6&headendId=SC39467&country=USA&device=X&isOverride=true&postalCode=-&time=1761829283&pref=16,128&userId=7863fe3f&aid=chi&languagecode=en-us HTTP/1.1" 200 None
[2025-10-30 01:01:26] [DEBUG] [USA-CA04536-X] Fetching chunk 3/4
[2025-10-30 01:01:26] [DEBUG] [USA-CA04423-X] Fetching chunk 3/4
[2025-10-30 01:01:26] [DEBUG] https://tvlistings.gracenote.com:443 "GET /api/grid?lineupId=USA-CA04536-X&timespan=6&headendId=CA04536&country=USA&device=X&isOverride=true&postalCode=-&time=1761829283&pref=16,128&userId=e52c2f48&aid=chi&languagecode=en-us HTTP/1.1" 200 None
[2025-10-30 01:01:26] [DEBUG] [USA-CA04577-X] Fetching chunk 3/4
[2025-10-30 01:01:26] [DEBUG] https://tvlistings.gracenote.com:443 "GET /api/grid?lineupId=USA-CA04423-X&timespan=6&headendId=CA04423&country=USA&device=X&isOverride=true&postalCode=-&time=1761829283&pref=16,128&userId=c9dad27b&aid=chi&languagecode=en-us HTTP/1.1" 200 None
[2025-10-30 01:01:27] [DEBUG] https://tvlistings.gracenote.com:443 "GET /api/grid?lineupId=USA-CA04577-X&timespan=6&headendId=CA04577&country=USA&device=X&isOverride=true&postalCode=-&time=1761829283&pref=16,128&userId=05ae9f42&aid=chi&languagecode=en-us HTTP/1.1" 200 None
[2025-10-30 01:01:27] [DEBUG] [USA-CA63552-X] Fetching chunk 4/4
[2025-10-30 01:01:27] [DEBUG] [USA-SC39467-X] Fetching chunk 4/4
[2025-10-30 01:01:27] [DEBUG] https://tvlistings.gracenote.com:443 "GET /api/grid?lineupId=USA-CA63552-X&timespan=6&headendId=CA63552&country=USA&device=X&isOverride=true&postalCode=-&time=1761850883&pref=16,128&userId=faba694b&aid=chi&languagecode=en-us HTTP/1.1" 200 None
[2025-10-30 01:01:27] [INFO]   [USA-CA63552-X] 113 channels, 3342 events
[2025-10-30 01:01:27] [DEBUG] https://tvlistings.gracenote.com:443 "GET /api/grid?lineupId=USA-SC39467-X&timespan=6&headendId=SC39467&country=USA&device=X&isOverride=true&postalCode=-&time=1761850883&pref=16,128&userId=8748383e&aid=chi&languagecode=en-us HTTP/1.1" 200 None
[2025-10-30 01:01:27] [INFO]   [USA-SC39467-X] 154 channels, 4033 events
[2025-10-30 01:01:27] [DEBUG] [USA-CA04536-X] Fetching chunk 4/4
[2025-10-30 01:01:28] [DEBUG] [USA-CA04423-X] Fetching chunk 4/4
[2025-10-30 01:01:28] [DEBUG] [USA-CA04577-X] Fetching chunk 4/4
[2025-10-30 01:01:28] [DEBUG] https://tvlistings.gracenote.com:443 "GET /api/grid?lineupId=USA-CA04423-X&timespan=6&headendId=CA04423&country=USA&device=X&isOverride=true&postalCode=-&time=1761850883&pref=16,128&userId=675a385d&aid=chi&languagecode=en-us HTTP/1.1" 200 None
[2025-10-30 01:01:28] [DEBUG] https://tvlistings.gracenote.com:443 "GET /api/grid?lineupId=USA-CA04536-X&timespan=6&headendId=CA04536&country=USA&device=X&isOverride=true&postalCode=-&time=1761850883&pref=16,128&userId=8f204881&aid=chi&languagecode=en-us HTTP/1.1" 200 None
[2025-10-30 01:01:28] [INFO]   [USA-CA04423-X] 315 channels, 8360 events
[2025-10-30 01:01:28] [INFO]   [USA-CA04536-X] 244 channels, 6644 events
[2025-10-30 01:01:28] [DEBUG] https://tvlistings.gracenote.com:443 "GET /api/grid?lineupId=USA-CA04577-X&timespan=6&headendId=CA04577&country=USA&device=X&isOverride=true&postalCode=-&time=1761850883&pref=16,128&userId=2bd8c02b&aid=chi&languagecode=en-us HTTP/1.1" 200 None
[2025-10-30 01:01:28] [INFO]   [USA-CA04577-X] 519 channels, 12932 events
[2025-10-30 01:01:28] [INFO] Fetch complete: 5 succeeded, 0 failed
[2025-10-30 01:01:28] [INFO]   Raw channels collected: 1345
[2025-10-30 01:01:28] [INFO] Merging duplicate channels across lineups...
[2025-10-30 01:01:28] [DEBUG] Merging 2 instances of channel group 'AETV'
[2025-10-30 01:01:28] [DEBUG] Merging 5 instances of channel group 'AHC'
[2025-10-30 01:01:28] [DEBUG] Merging 2 instances of channel group 'AMC'
[2025-10-30 01:01:28] [DEBUG] Merging 2 instances of channel group 'APL'
[2025-10-30 01:01:28] [DEBUG] Merging 3 instances of channel group 'BET'
[2025-10-30 01:01:28] [DEBUG] Merging 2 instances of channel group 'BIGTEN'
[2025-10-30 01:01:28] [DEBUG] Merging 4 instances of channel group 'BLOOM'
[2025-10-30 01:01:28] [DEBUG] Merging 2 instances of channel group 'CANAL11'
[2025-10-30 01:01:28] [DEBUG] Merging 5 instances of channel group 'CBSSN'
[2025-10-30 01:01:28] [DEBUG] Merging 2 instances of channel group 'CMTV'
[2025-10-30 01:01:28] [DEBUG] Merging 5 instances of channel group 'CNBC'
[2025-10-30 01:01:28] [DEBUG] Merging 5 instances of channel group 'CNN'
[2025-10-30 01:01:28] [DEBUG] Merging 2 instances of channel group 'COMEDY'
[2025-10-30 01:01:28] [DEBUG] Merging 5 instances of channel group 'COOK'
[2025-10-30 01:01:28] [DEBUG] Merging 5 instances of channel group 'CSPAN'
[2025-10-30 01:01:28] [DEBUG] Merging 5 instances of channel group 'CSPAN2'
[2025-10-30 01:01:28] [DEBUG] Merging 5 instances of channel group 'DEST'
[2025-10-30 01:01:28] [DEBUG] Merging 4 instances of channel group 'DISNP'
[2025-10-30 01:01:28] [DEBUG] Merging 4 instances of channel group 'DLC'
[2025-10-30 01:01:28] [DEBUG] Merging 2 instances of channel group 'DSC'
[2025-10-30 01:01:28] [DEBUG] Merging 3 instances of channel group 'DXD'
[2025-10-30 01:01:28] [DEBUG] Merging 2 instances of channel group 'E'
[2025-10-30 01:01:28] [DEBUG] Merging 5 instances of channel group 'ESPN2'
[2025-10-30 01:01:28] [DEBUG] Merging 3 instances of channel group 'ESPND'
[2025-10-30 01:01:28] [DEBUG] Merging 5 instances of channel group 'ESPNEWS'
[2025-10-30 01:01:28] [DEBUG] Merging 4 instances of channel group 'ESPNHD'
[2025-10-30 01:01:28] [DEBUG] Merging 5 instances of channel group 'ESPNU'
[2025-10-30 01:01:28] [DEBUG] Merging 5 instances of channel group 'EWTN'
[2025-10-30 01:01:28] [DEBUG] Merging 5 instances of channel group 'FBN'
[2025-10-30 01:01:28] [DEBUG] Merging 5 instances of channel group 'FNC'
[2025-10-30 01:01:28] [DEBUG] Merging 4 instances of channel group 'FOODHD'
[2025-10-30 01:01:28] [DEBUG] Merging 2 instances of channel group 'FREEFRM'
[2025-10-30 01:01:28] [DEBUG] Merging 5 instances of channel group 'FS1'
[2025-10-30 01:01:28] [DEBUG] Merging 5 instances of channel group 'FS2'
[2025-10-30 01:01:28] [DEBUG] Merging 4 instances of channel group 'FUSE'
[2025-10-30 01:01:28] [DEBUG] Merging 3 instances of channel group 'FXM'
[2025-10-30 01:01:28] [DEBUG] Merging 5 instances of channel group 'FYISD'
[2025-10-30 01:01:28] [DEBUG] Merging 2 instances of channel group 'GALA'
[2025-10-30 01:01:28] [DEBUG] Merging 5 instances of channel group 'GOLF'
[2025-10-30 01:01:28] [DEBUG] Merging 3 instances of channel group 'GSN'
[2025-10-30 01:01:28] [DEBUG] Merging 2 instances of channel group 'HGTV'
[2025-10-30 01:01:28] [DEBUG] Merging 2 instances of channel group 'HISTORY'
[2025-10-30 01:01:28] [DEBUG] Merging 3 instances of channel group 'HITN'
[2025-10-30 01:01:28] [DEBUG] Merging 5 instances of channel group 'HLN'
[2025-10-30 01:01:28] [DEBUG] Merging 5 instances of channel group 'ID'
[2025-10-30 01:01:28] [DEBUG] Merging 4 instances of channel group 'IFC'
[2025-10-30 01:01:28] [DEBUG] Merging 5 instances of channel group 'LMN'
[2025-10-30 01:01:28] [DEBUG] Merging 3 instances of channel group 'MLBN'
[2025-10-30 01:01:28] [DEBUG] Merging 5 instances of channel group 'MSNBC'
[2025-10-30 01:01:28] [DEBUG] Merging 4 instances of channel group 'MTV2'
[2025-10-30 01:01:28] [DEBUG] Merging 5 instances of channel group 'MTVCLAS'
[2025-10-30 01:01:28] [DEBUG] Merging 2 instances of channel group 'NBCSBA'
[2025-10-30 01:01:28] [DEBUG] Merging 3 instances of channel group 'NBCSBAH'
[2025-10-30 01:01:28] [DEBUG] Merging 4 instances of channel group 'NFLHD'
[2025-10-30 01:01:28] [DEBUG] Merging 2 instances of channel group 'NGCHD'
[2025-10-30 01:01:28] [DEBUG] Merging 4 instances of channel group 'NGWILD'
[2025-10-30 01:01:28] [DEBUG] Merging 2 instances of channel group 'NHLNET'
[2025-10-30 01:01:28] [DEBUG] Merging 4 instances of channel group 'NIKP'
[2025-10-30 01:01:28] [DEBUG] Merging 4 instances of channel group 'OWN'
[2025-10-30 01:01:28] [DEBUG] Merging 2 instances of channel group 'OXYGEN'
[2025-10-30 01:01:28] [DEBUG] Merging 3 instances of channel group 'PAR'
[2025-10-30 01:01:28] [DEBUG] Merging 5 instances of channel group 'REELZ'
[2025-10-30 01:01:28] [DEBUG] Merging 5 instances of channel group 'RFDTV'
[2025-10-30 01:01:28] [DEBUG] Merging 5 instances of channel group 'SCIENCE'
[2025-10-30 01:01:28] [DEBUG] Merging 3 instances of channel group 'SPRTMAN'
[2025-10-30 01:01:28] [DEBUG] Merging 2 instances of channel group 'SYFY'
[2025-10-30 01:01:28] [DEBUG] Merging 5 instances of channel group 'TBN'
[2025-10-30 01:01:28] [DEBUG] Merging 2 instances of channel group 'TBS'
[2025-10-30 01:01:28] [DEBUG] Merging 3 instances of channel group 'TENNIS'
[2025-10-30 01:01:28] [DEBUG] Merging 2 instances of channel group 'TLC'
[2025-10-30 01:01:28] [DEBUG] Merging 5 instances of channel group 'TNCK'
[2025-10-30 01:01:28] [DEBUG] Merging 4 instances of channel group 'TOONP'
[2025-10-30 01:01:28] [DEBUG] Merging 2 instances of channel group 'TRAV'
[2025-10-30 01:01:28] [DEBUG] Merging 2 instances of channel group 'TRUTV'
[2025-10-30 01:01:28] [DEBUG] Merging 2 instances of channel group 'TVLAND'
[2025-10-30 01:01:28] [DEBUG] Merging 2 instances of channel group 'TVONE'
[2025-10-30 01:01:28] [DEBUG] Merging 2 instances of channel group 'UP'
[2025-10-30 01:01:28] [DEBUG] Merging 2 instances of channel group 'USA'
[2025-10-30 01:01:28] [DEBUG] Merging 2 instances of channel group 'VH1'
[2025-10-30 01:01:28] [DEBUG] Merging 5 instances of channel group 'VICE'
[2025-10-30 01:01:28] [DEBUG] Merging 2 instances of channel group 'WE'
[2025-10-30 01:01:28] [DEBUG] Merging 5 instances of channel group 'WEATH'
[2025-10-30 01:01:28] [DEBUG] Merging 2 instances of channel group 'WORD'
[2025-10-30 01:01:28] [DEBUG] Merging 2 instances of channel group 'ACC'
[2025-10-30 01:01:28] [DEBUG] Merging 2 instances of channel group 'AXSTV'
[2025-10-30 01:01:28] [DEBUG] Merging 4 instances of channel group 'BBCA'
[2025-10-30 01:01:28] [DEBUG] Merging 4 instances of channel group 'BOOM'
[2025-10-30 01:01:28] [DEBUG] Merging 4 instances of channel group 'CMTMUS'
[2025-10-30 01:01:28] [DEBUG] Merging 4 instances of channel group 'DFC'
[2025-10-30 01:01:28] [DEBUG] Merging 4 instances of channel group 'ESPN'
[2025-10-30 01:01:28] [DEBUG] Merging 2 instances of channel group 'FAMZ'
[2025-10-30 01:01:28] [DEBUG] Merging 3 instances of channel group 'FXX'
[2025-10-30 01:01:28] [DEBUG] Merging 2 instances of channel group 'GFAM'
[2025-10-30 01:01:28] [DEBUG] Merging 2 instances of channel group 'HBO'
[2025-10-30 01:01:28] [DEBUG] Merging 2 instances of channel group 'HDNETMV'
[2025-10-30 01:01:28] [DEBUG] Merging 3 instances of channel group 'HMYS'
[2025-10-30 01:01:28] [DEBUG] Merging 4 instances of channel group 'HSN'
[2025-10-30 01:01:28] [DEBUG] Merging 4 instances of channel group 'INSP'
[2025-10-30 01:01:28] [DEBUG] Merging 3 instances of channel group 'JTV'
[2025-10-30 01:01:28] [DEBUG] Merging 4 instances of channel group 'MAGN'
[2025-10-30 01:01:28] [DEBUG] Merging 2 instances of channel group 'MAX'
[2025-10-30 01:01:28] [DEBUG] Merging 2 instances of channel group 'NEXT'
[2025-10-30 01:01:28] [DEBUG] Merging 4 instances of channel group 'NFLNET'
[2025-10-30 01:01:28] [DEBUG] Merging 3 instances of channel group 'NGC'
[2025-10-30 01:01:28] [DEBUG] Merging 4 instances of channel group 'NICJR'
[2025-10-30 01:01:28] [DEBUG] Merging 4 instances of channel group 'NIKTON'
[2025-10-30 01:01:28] [DEBUG] Merging 3 instances of channel group 'NWSNTSD'
[2025-10-30 01:01:28] [DEBUG] Merging 4 instances of channel group 'OUTD'
[2025-10-30 01:01:28] [DEBUG] Merging 2 instances of channel group 'PARSHO'
[2025-10-30 01:01:28] [DEBUG] Merging 3 instances of channel group 'POPSD'
[2025-10-30 01:01:28] [DEBUG] Merging 4 instances of channel group 'QVC'
[2025-10-30 01:01:28] [DEBUG] Merging 3 instances of channel group 'SEC'
[2025-10-30 01:01:28] [DEBUG] Merging 2 instances of channel group 'STARZ'
[2025-10-30 01:01:28] [DEBUG] Merging 2 instances of channel group 'STZE'
[2025-10-30 01:01:28] [DEBUG] Merging 2 instances of channel group 'STZK'
[2025-10-30 01:01:28] [DEBUG] Merging 4 instances of channel group 'TCM'
[2025-10-30 01:01:28] [DEBUG] Merging 2 instances of channel group 'TMC'
[2025-10-30 01:01:28] [DEBUG] Merging 2 instances of channel group 'WOMEN'
[2025-10-30 01:01:28] [DEBUG] Merging 2 instances of channel group 'AETVHDP'
[2025-10-30 01:01:28] [DEBUG] Merging 3 instances of channel group 'AETVP'
[2025-10-30 01:01:28] [DEBUG] Merging 3 instances of channel group 'AMCP'
[2025-10-30 01:01:28] [DEBUG] Merging 2 instances of channel group 'AMCPHD'
[2025-10-30 01:01:28] [DEBUG] Merging 3 instances of channel group 'APLHDP'
[2025-10-30 01:01:28] [DEBUG] Merging 3 instances of channel group 'APLP'
[2025-10-30 01:01:28] [DEBUG] Merging 2 instances of channel group 'BBCAHD'
[2025-10-30 01:01:28] [DEBUG] Merging 3 instances of channel group 'BETSOUL'
[2025-10-30 01:01:28] [DEBUG] Merging 2 instances of channel group 'BGTENO2'
[2025-10-30 01:01:28] [DEBUG] Merging 2 instances of channel group 'BGTENO3'
[2025-10-30 01:01:28] [DEBUG] Merging 2 instances of channel group 'BIGTENO'
[2025-10-30 01:01:28] [DEBUG] Merging 3 instances of channel group 'BLOOMHD'
[2025-10-30 01:01:28] [DEBUG] Merging 3 instances of channel group 'BRAVOHP'
[2025-10-30 01:01:28] [DEBUG] Merging 3 instances of channel group 'BRAVOP'
[2025-10-30 01:01:28] [DEBUG] Merging 2 instances of channel group 'CBSSNHD'
[2025-10-30 01:01:28] [DEBUG] Merging 3 instances of channel group 'CCHDP'
[2025-10-30 01:01:28] [DEBUG] Merging 3 instances of channel group 'CINACSP'
[2025-10-30 01:01:28] [DEBUG] Merging 2 instances of channel group 'CINEHHD'
[2025-10-30 01:01:28] [DEBUG] Merging 3 instances of channel group 'CINEHP'
[2025-10-30 01:01:28] [DEBUG] Merging 2 instances of channel group 'CINLUS'
[2025-10-30 01:01:28] [DEBUG] Merging 2 instances of channel group 'CMEX'
[2025-10-30 01:01:28] [DEBUG] Merging 2 instances of channel group 'CMTVHDP'
[2025-10-30 01:01:28] [DEBUG] Merging 3 instances of channel group 'CMTVP'
[2025-10-30 01:01:28] [DEBUG] Merging 3 instances of channel group 'CNBCHD'
[2025-10-30 01:01:28] [DEBUG] Merging 2 instances of channel group 'CNNE'
[2025-10-30 01:01:28] [DEBUG] Merging 3 instances of channel group 'CNNHD'
[2025-10-30 01:01:28] [DEBUG] Merging 3 instances of channel group 'COMEDYP'
[2025-10-30 01:01:28] [DEBUG] Merging 2 instances of channel group 'COOKHD'
[2025-10-30 01:01:28] [DEBUG] Merging 2 instances of channel group 'COWBOY'
[2025-10-30 01:01:28] [DEBUG] Merging 2 instances of channel group 'CSPAN3'
[2025-10-30 01:01:28] [DEBUG] Merging 3 instances of channel group 'CSPANHD'
[2025-10-30 01:01:28] [DEBUG] Merging 3 instances of channel group 'CSPN2HD'
[2025-10-30 01:01:28] [DEBUG] Merging 2 instances of channel group 'CSPN3HD'
[2025-10-30 01:01:28] [DEBUG] Merging 2 instances of channel group 'DFAM'
[2025-10-30 01:01:28] [DEBUG] Merging 3 instances of channel group 'DISNHDP'
[2025-10-30 01:01:28] [DEBUG] Merging 2 instances of channel group 'DJCHP'
[2025-10-30 01:01:28] [DEBUG] Merging 2 instances of channel group 'DSCE'
[2025-10-30 01:01:28] [DEBUG] Merging 3 instances of channel group 'DSCHDP'
[2025-10-30 01:01:28] [DEBUG] Merging 3 instances of channel group 'DSCP'
[2025-10-30 01:01:28] [DEBUG] Merging 2 instances of channel group 'DYSTR'
[2025-10-30 01:01:28] [DEBUG] Merging 3 instances of channel group 'EP'
[2025-10-30 01:01:28] [DEBUG] Merging 2 instances of channel group 'EPHD'
[2025-10-30 01:01:28] [DEBUG] Merging 3 instances of channel group 'ESPN2HD'
[2025-10-30 01:01:28] [DEBUG] Merging 2 instances of channel group 'ESPNUHD'
[2025-10-30 01:01:28] [DEBUG] Merging 2 instances of channel group 'ESPNWHD'
[2025-10-30 01:01:28] [DEBUG] Merging 2 instances of channel group 'EWTNES'
[2025-10-30 01:01:28] [DEBUG] Merging 2 instances of channel group 'FBNHD'
[2025-10-30 01:01:28] [DEBUG] Merging 3 instances of channel group 'FLIXP'
[2025-10-30 01:01:28] [DEBUG] Merging 3 instances of channel group 'FNCHD'
[2025-10-30 01:01:28] [DEBUG] Merging 3 instances of channel group 'FOODP'
[2025-10-30 01:01:28] [DEBUG] Merging 2 instances of channel group 'FREFRMP'
[2025-10-30 01:01:28] [DEBUG] Merging 3 instances of channel group 'FS1HD'
[2025-10-30 01:01:28] [DEBUG] Merging 2 instances of channel group 'FS2HD'
[2025-10-30 01:01:28] [DEBUG] Merging 2 instances of channel group 'FUSEHD'
[2025-10-30 01:01:28] [DEBUG] Merging 3 instances of channel group 'FXDEP'
[2025-10-30 01:01:28] [DEBUG] Merging 3 instances of channel group 'FXMHD'
[2025-10-30 01:01:28] [DEBUG] Merging 3 instances of channel group 'FXP'
[2025-10-30 01:01:28] [DEBUG] Merging 3 instances of channel group 'FXPHD'
[2025-10-30 01:01:28] [DEBUG] Merging 2 instances of channel group 'GALAPHD'
[2025-10-30 01:01:28] [DEBUG] Merging 2 instances of channel group 'GFAMHD'
[2025-10-30 01:01:28] [DEBUG] Merging 2 instances of channel group 'GLIVHD'
[2025-10-30 01:01:28] [DEBUG] Merging 3 instances of channel group 'GOLFHD'
[2025-10-30 01:01:28] [DEBUG] Merging 3 instances of channel group 'HALLP'
[2025-10-30 01:01:28] [DEBUG] Merging 3 instances of channel group 'HBOCP'
[2025-10-30 01:01:28] [DEBUG] Merging 2 instances of channel group 'HBODRHD'
[2025-10-30 01:01:28] [DEBUG] Merging 3 instances of channel group 'HBODRP'
[2025-10-30 01:01:28] [DEBUG] Merging 3 instances of channel group 'HBOHDP'
[2025-10-30 01:01:28] [DEBUG] Merging 2 instances of channel group 'HBOHTHD'
[2025-10-30 01:01:28] [DEBUG] Merging 3 instances of channel group 'HBOHTP'
[2025-10-30 01:01:28] [DEBUG] Merging 2 instances of channel group 'HBOLAHD'
[2025-10-30 01:01:28] [DEBUG] Merging 3 instances of channel group 'HBOLATP'
[2025-10-30 01:01:28] [DEBUG] Merging 2 instances of channel group 'HBOMVHD'
[2025-10-30 01:01:28] [DEBUG] Merging 3 instances of channel group 'HBOMVP'
[2025-10-30 01:01:28] [DEBUG] Merging 3 instances of channel group 'HBOP'
[2025-10-30 01:01:28] [DEBUG] Merging 3 instances of channel group 'HGTVD'
[2025-10-30 01:01:28] [DEBUG] Merging 3 instances of channel group 'HGTVP'
[2025-10-30 01:01:28] [DEBUG] Merging 2 instances of channel group 'HISTE'
[2025-10-30 01:01:28] [DEBUG] Merging 3 instances of channel group 'HISTP'
[2025-10-30 01:01:28] [DEBUG] Merging 3 instances of channel group 'HLNHD'
[2025-10-30 01:01:28] [DEBUG] Merging 3 instances of channel group 'HSNHD'
[2025-10-30 01:01:28] [DEBUG] Merging 2 instances of channel group 'HSTRYHP'
[2025-10-30 01:01:28] [DEBUG] Merging 2 instances of channel group 'IDHD'
[2025-10-30 01:01:28] [DEBUG] Merging 2 instances of channel group 'IFCHD'
[2025-10-30 01:01:28] [DEBUG] Merging 3 instances of channel group 'LIFEP'
[2025-10-30 01:01:28] [DEBUG] Merging 3 instances of channel group 'LIFEPHD'
[2025-10-30 01:01:28] [DEBUG] Merging 2 instances of channel group 'LRW'
[2025-10-30 01:01:28] [DEBUG] Merging 2 instances of channel group 'MAGNHD'
[2025-10-30 01:01:28] [DEBUG] Merging 2 instances of channel group 'MAXHD'
[2025-10-30 01:01:28] [DEBUG] Merging 3 instances of channel group 'MAXP'
[2025-10-30 01:01:28] [DEBUG] Merging 2 instances of channel group 'MEXCAN'
[2025-10-30 01:01:28] [DEBUG] Merging 3 instances of channel group 'MNBCHD'
[2025-10-30 01:01:28] [DEBUG] Merging 3 instances of channel group 'MTHD'
[2025-10-30 01:01:28] [DEBUG] Merging 3 instances of channel group 'MTVP'
[2025-10-30 01:01:28] [DEBUG] Merging 3 instances of channel group 'MTVPHD'
[2025-10-30 01:01:28] [DEBUG] Merging 2 instances of channel group 'MTVU'
[2025-10-30 01:01:28] [DEBUG] Merging 2 instances of channel group 'MULTV'
[2025-10-30 01:01:28] [DEBUG] Merging 2 instances of channel group 'NBCSBAP'
[2025-10-30 01:01:28] [DEBUG] Merging 2 instances of channel group 'NEXTP'
[2025-10-30 01:01:28] [DEBUG] Merging 3 instances of channel group 'NFLNRZ'
[2025-10-30 01:01:28] [DEBUG] Merging 3 instances of channel group 'NFLNRZD'
[2025-10-30 01:01:28] [DEBUG] Merging 2 instances of channel group 'NGWIHD'
[2025-10-30 01:01:28] [DEBUG] Merging 2 instances of channel group 'NICJRHD'
[2025-10-30 01:01:28] [DEBUG] Merging 3 instances of channel group 'NIKPHD'
[2025-10-30 01:01:28] [DEBUG] Merging 3 instances of channel group 'NMZK'
[2025-10-30 01:01:28] [DEBUG] Merging 2 instances of channel group 'OUTHD'
[2025-10-30 01:01:28] [DEBUG] Merging 3 instances of channel group 'OXYGENP'
[2025-10-30 01:01:28] [DEBUG] Merging 2 instances of channel group 'PARP'
[2025-10-30 01:01:28] [DEBUG] Merging 3 instances of channel group 'PARPHD'
[2025-10-30 01:01:28] [DEBUG] Merging 3 instances of channel group 'PARSHOW'
[2025-10-30 01:01:28] [DEBUG] Merging 3 instances of channel group 'PASHOHW'
[2025-10-30 01:01:28] [DEBUG] Merging 2 instances of channel group 'QVC2'
[2025-10-30 01:01:28] [DEBUG] Merging 3 instances of channel group 'QVCHD'
[2025-10-30 01:01:28] [DEBUG] Merging 3 instances of channel group 'RACERHD'
[2025-10-30 01:01:28] [DEBUG] Merging 2 instances of channel group 'REELZHD'
[2025-10-30 01:01:28] [DEBUG] Merging 2 instances of channel group 'SCIHD'
[2025-10-30 01:01:28] [DEBUG] Merging 2 instances of channel group 'SHO2HD'
[2025-10-30 01:01:28] [DEBUG] Merging 3 instances of channel group 'SHO2P'
[2025-10-30 01:01:28] [DEBUG] Merging 3 instances of channel group 'SHOBETP'
[2025-10-30 01:01:28] [DEBUG] Merging 3 instances of channel group 'SHOCSEP'
[2025-10-30 01:01:28] [DEBUG] Merging 2 instances of channel group 'SHOCSHD'
[2025-10-30 01:01:28] [DEBUG] Merging 2 instances of channel group 'SHOPLC'
[2025-10-30 01:01:28] [DEBUG] Merging 2 instances of channel group 'SHOWXHD'
[2025-10-30 01:01:28] [DEBUG] Merging 3 instances of channel group 'SHOWXP'
[2025-10-30 01:01:28] [DEBUG] Merging 2 instances of channel group 'SMITHPH'
[2025-10-30 01:01:28] [DEBUG] Merging 2 instances of channel group 'SPMNHD'
[2025-10-30 01:01:28] [DEBUG] Merging 3 instances of channel group 'STARZP'
[2025-10-30 01:01:28] [DEBUG] Merging 2 instances of channel group 'STRZCIH'
[2025-10-30 01:01:28] [DEBUG] Merging 2 instances of channel group 'STRZIBH'
[2025-10-30 01:01:28] [DEBUG] Merging 2 instances of channel group 'STZCHD'
[2025-10-30 01:01:28] [DEBUG] Merging 3 instances of channel group 'STZCIP'
[2025-10-30 01:01:28] [DEBUG] Merging 2 instances of channel group 'STZCP'
[2025-10-30 01:01:28] [DEBUG] Merging 3 instances of channel group 'STZECLP'
[2025-10-30 01:01:28] [DEBUG] Merging 2 instances of channel group 'STZEHD'
[2025-10-30 01:01:28] [DEBUG] Merging 3 instances of channel group 'STZENAP'
[2025-10-30 01:01:28] [DEBUG] Merging 3 instances of channel group 'STZENBP'
[2025-10-30 01:01:28] [DEBUG] Merging 3 instances of channel group 'STZENCP'
[2025-10-30 01:01:28] [DEBUG] Merging 2 instances of channel group 'STZENHD'
[2025-10-30 01:01:28] [DEBUG] Merging 3 instances of channel group 'STZENSP'
[2025-10-30 01:01:28] [DEBUG] Merging 3 instances of channel group 'STZENWP'
[2025-10-30 01:01:28] [DEBUG] Merging 2 instances of channel group 'STZEP'
[2025-10-30 01:01:28] [DEBUG] Merging 3 instances of channel group 'STZHDP'
[2025-10-30 01:01:28] [DEBUG] Merging 2 instances of channel group 'STZIBP'
[2025-10-30 01:01:28] [DEBUG] Merging 2 instances of channel group 'STZKHD'
[2025-10-30 01:01:28] [DEBUG] Merging 2 instances of channel group 'STZKP'
[2025-10-30 01:01:28] [DEBUG] Merging 3 instances of channel group 'SUNDANP'
[2025-10-30 01:01:28] [DEBUG] Merging 3 instances of channel group 'SYFYHDP'
[2025-10-30 01:01:28] [DEBUG] Merging 3 instances of channel group 'SYFYP'
[2025-10-30 01:01:28] [DEBUG] Merging 2 instances of channel group 'SZEAHD'
[2025-10-30 01:01:28] [DEBUG] Merging 2 instances of channel group 'SZEBHD'
[2025-10-30 01:01:28] [DEBUG] Merging 3 instances of channel group 'TBSHDP'
[2025-10-30 01:01:28] [DEBUG] Merging 3 instances of channel group 'TBSP'
[2025-10-30 01:01:28] [DEBUG] Merging 3 instances of channel group 'TLCP'
[2025-10-30 01:01:28] [DEBUG] Merging 3 instances of channel group 'TLCPHD'
[2025-10-30 01:01:28] [DEBUG] Merging 2 instances of channel group 'TMCHD'
[2025-10-30 01:01:28] [DEBUG] Merging 3 instances of channel group 'TMCP'
[2025-10-30 01:01:28] [DEBUG] Merging 2 instances of channel group 'TMCXHD'
[2025-10-30 01:01:28] [DEBUG] Merging 3 instances of channel group 'TMCXP'
[2025-10-30 01:01:28] [DEBUG] Merging 3 instances of channel group 'TNTP'
[2025-10-30 01:01:28] [DEBUG] Merging 3 instances of channel group 'TNTPHD'
[2025-10-30 01:01:28] [DEBUG] Merging 3 instances of channel group 'TOONPHD'
[2025-10-30 01:01:28] [DEBUG] Merging 3 instances of channel group 'TRAVHD'
[2025-10-30 01:01:28] [DEBUG] Merging 3 instances of channel group 'TRAVP'
[2025-10-30 01:01:28] [DEBUG] Merging 2 instances of channel group 'TRUTVHP'
[2025-10-30 01:01:28] [DEBUG] Merging 3 instances of channel group 'TRUTVP'
[2025-10-30 01:01:28] [DEBUG] Merging 2 instances of channel group 'TUDNU'
[2025-10-30 01:01:28] [DEBUG] Merging 3 instances of channel group 'TVLANDP'
[2025-10-30 01:01:28] [DEBUG] Merging 2 instances of channel group 'UCLAS'
[2025-10-30 01:01:28] [DEBUG] Merging 2 instances of channel group 'UFEST'
[2025-10-30 01:01:28] [DEBUG] Merging 3 instances of channel group 'UNVSO'
[2025-10-30 01:01:28] [DEBUG] Merging 3 instances of channel group 'USAHDP'
[2025-10-30 01:01:28] [DEBUG] Merging 3 instances of channel group 'USAP'
[2025-10-30 01:01:28] [DEBUG] Merging 3 instances of channel group 'VH1P'
[2025-10-30 01:01:28] [DEBUG] Merging 3 instances of channel group 'VH1PHD'
[2025-10-30 01:01:28] [DEBUG] Merging 2 instances of channel group 'VMOV'
[2025-10-30 01:01:28] [DEBUG] Merging 3 instances of channel group 'VODDM'
[2025-10-30 01:01:28] [DEBUG] Merging 2 instances of channel group 'WEATHHD'
[2025-10-30 01:01:28] [DEBUG] Merging 2 instances of channel group 'WEHD'
[2025-10-30 01:01:28] [DEBUG] Merging 3 instances of channel group 'WEP'
[2025-10-30 01:01:28] [DEBUG] Merging 2 instances of channel group 'WOMENP'
[2025-10-30 01:01:28] [DEBUG] Merging 2 instances of channel group 'ZONFUT'
[2025-10-30 01:01:28] [DEBUG] Merging 2 instances of channel group 'BETHDP'
[2025-10-30 01:01:28] [DEBUG] Merging 2 instances of channel group 'BETP'
[2025-10-30 01:01:28] [DEBUG] Merging 2 instances of channel group 'BYUTV'
[2025-10-30 01:01:28] [DEBUG] Merging 2 instances of channel group 'CINECLS'
[2025-10-30 01:01:28] [DEBUG] Merging 2 instances of channel group 'CMAX'
[2025-10-30 01:01:28] [DEBUG] Merging 2 instances of channel group 'FRFMHDP'
[2025-10-30 01:01:28] [DEBUG] Merging 2 instances of channel group 'HALLHDP'
[2025-10-30 01:01:28] [DEBUG] Merging 2 instances of channel group 'NEWSNTN'
[2025-10-30 01:01:28] [DEBUG] Merging 2 instances of channel group 'STZENFS'
[2025-10-30 01:01:28] [DEBUG] Merging 2 instances of channel group 'TMCHDP'
[2025-10-30 01:01:28] [DEBUG] After merging: 778 unique channels (was 1345)
[2025-10-30 01:01:28] [INFO]   Final unique channels: 778
[2025-10-30 01:01:28] [INFO]   Total events after deduplication: 20538
[2025-10-30 01:01:28] [DEBUG] Sample event #1:
[2025-10-30 01:01:28] [DEBUG]   Title: 'Today Cooking'
[2025-10-30 01:01:28] [DEBUG]   Has season/episode: SNoneENone
[2025-10-30 01:01:28] [DEBUG] Sample event #2:
[2025-10-30 01:01:28] [DEBUG]   Title: 'It Is Written'
[2025-10-30 01:01:28] [DEBUG]   Has season/episode: SNoneENone
[2025-10-30 01:01:28] [DEBUG] Sample event #3:
[2025-10-30 01:01:28] [DEBUG]   Title: '3ABN Homecoming'
[2025-10-30 01:01:28] [DEBUG]   Has season/episode: SNoneENone
[2025-10-30 01:01:28] [DEBUG] Sample event #4:
[2025-10-30 01:01:28] [DEBUG]   Title: 'Love Me'
[2025-10-30 01:01:28] [DEBUG]   Has season/episode: SNoneENone
[2025-10-30 01:01:28] [DEBUG] Sample event #5:
[2025-10-30 01:01:28] [DEBUG]   Title: 'Today Cooking'
[2025-10-30 01:01:28] [DEBUG]   Has season/episode: SNoneENone
[2025-10-30 01:01:28] [DEBUG] Sample event #6:
[2025-10-30 01:01:28] [DEBUG]   Title: 'Unlocking Bible Prophecy'
[2025-10-30 01:01:28] [DEBUG]   Has season/episode: SNoneENone
[2025-10-30 01:01:28] [DEBUG] Sample event #7:
[2025-10-30 01:01:28] [DEBUG]   Title: 'Digital Disconnect'
[2025-10-30 01:01:28] [DEBUG]   Has season/episode: SNoneENone
[2025-10-30 01:01:28] [DEBUG] Sample event #8:
[2025-10-30 01:01:28] [DEBUG]   Title: 'Raw Questions Relevant Answers'
[2025-10-30 01:01:28] [DEBUG]   Has season/episode: SNoneENone
[2025-10-30 01:01:28] [DEBUG] Sample event #9:
[2025-10-30 01:01:28] [DEBUG]   Title: 'Intimate Clarity'
[2025-10-30 01:01:28] [DEBUG]   Has season/episode: SNoneENone
[2025-10-30 01:01:28] [DEBUG] Sample event #10:
[2025-10-30 01:01:28] [DEBUG]   Title: 'Laymen Ministries'
[2025-10-30 01:01:28] [DEBUG]   Has season/episode: SNoneENone
[2025-10-30 01:01:29] [INFO] Writing 20538 valid events to XML
[2025-10-30 01:01:29] [INFO]   New episodes: 0
[2025-10-30 01:01:29] [INFO]   Reruns: 0
[2025-10-30 01:01:29] [INFO]   Unknown status: 20538
[2025-10-30 01:01:29] [INFO] EPG successfully written to docs/EPG.xml
[2025-10-30 01:01:29] [DEBUG] Released lock file: /tmp/epg_standalone.run.lock
[2025-10-30 12:25:37] [INFO] Starting EPG fetch for 5 lineup(s)
[2025-10-30 12:25:37] [INFO]   Timespan: 24 hours
[2025-10-30 12:25:37] [INFO]   Parallel: True (workers: 5)
[2025-10-30 12:25:37] [DEBUG] [USA-CA63552-X] Fetching chunk 1/4
[2025-10-30 12:25:37] [DEBUG] [USA-CA04423-X] Fetching chunk 1/4
[2025-10-30 12:25:37] [DEBUG] [USA-CA04577-X] Fetching chunk 1/4
[2025-10-30 12:25:37] [DEBUG] [USA-CA04536-X] Fetching chunk 1/4
[2025-10-30 12:25:37] [DEBUG] Starting new HTTPS connection (1): tvlistings.gracenote.com:443
[2025-10-30 12:25:37] [DEBUG] Starting new HTTPS connection (1): tvlistings.gracenote.com:443
[2025-10-30 12:25:37] [DEBUG] [USA-SC39467-X] Fetching chunk 1/4
[2025-10-30 12:25:37] [DEBUG] Starting new HTTPS connection (1): tvlistings.gracenote.com:443
[2025-10-30 12:25:37] [DEBUG] Starting new HTTPS connection (1): tvlistings.gracenote.com:443
[2025-10-30 12:25:37] [DEBUG] Starting new HTTPS connection (1): tvlistings.gracenote.com:443
[2025-10-30 12:25:38] [DEBUG] https://tvlistings.gracenote.com:443 "GET /api/grid?lineupId=USA-CA63552-X&timespan=6&headendId=CA63552&country=USA&device=X&isOverride=true&postalCode=-&time=1761827137&pref=16,128&userId=d406842a&aid=chi&languagecode=en-us HTTP/1.1" 200 None
[2025-10-30 12:25:38] [DEBUG] https://tvlistings.gracenote.com:443 "GET /api/grid?lineupId=USA-SC39467-X&timespan=6&headendId=SC39467&country=USA&device=X&isOverride=true&postalCode=-&time=1761827137&pref=16,128&userId=8f1123aa&aid=chi&languagecode=en-us HTTP/1.1" 200 None
[2025-10-30 12:25:38] [DEBUG] https://tvlistings.gracenote.com:443 "GET /api/grid?lineupId=USA-CA04423-X&timespan=6&headendId=CA04423&country=USA&device=X&isOverride=true&postalCode=-&time=1761827137&pref=16,128&userId=22340461&aid=chi&languagecode=en-us HTTP/1.1" 200 None
[2025-10-30 12:25:38] [DEBUG] https://tvlistings.gracenote.com:443 "GET /api/grid?lineupId=USA-CA04536-X&timespan=6&headendId=CA04536&country=USA&device=X&isOverride=true&postalCode=-&time=1761827137&pref=16,128&userId=bdf1d4b2&aid=chi&languagecode=en-us HTTP/1.1" 200 None
[2025-10-30 12:25:38] [DEBUG] https://tvlistings.gracenote.com:443 "GET /api/grid?lineupId=USA-CA04577-X&timespan=6&headendId=CA04577&country=USA&device=X&isOverride=true&postalCode=-&time=1761827137&pref=16,128&userId=2f9fe530&aid=chi&languagecode=en-us HTTP/1.1" 200 None
[2025-10-30 12:25:39] [DEBUG] [USA-CA63552-X] Fetching chunk 2/4
[2025-10-30 12:25:39] [DEBUG] [USA-SC39467-X] Fetching chunk 2/4
[2025-10-30 12:25:39] [DEBUG] [USA-CA04423-X] Fetching chunk 2/4
[2025-10-30 12:25:39] [DEBUG] [USA-CA04536-X] Fetching chunk 2/4
[2025-10-30 12:25:40] [DEBUG] https://tvlistings.gracenote.com:443 "GET /api/grid?lineupId=USA-CA63552-X&timespan=6&headendId=CA63552&country=USA&device=X&isOverride=true&postalCode=-&time=1761848737&pref=16,128&userId=692ffde2&aid=chi&languagecode=en-us HTTP/1.1" 200 None
[2025-10-30 12:25:40] [DEBUG] [USA-CA04577-X] Fetching chunk 2/4
[2025-10-30 12:25:40] [DEBUG] https://tvlistings.gracenote.com:443 "GET /api/grid?lineupId=USA-SC39467-X&timespan=6&headendId=SC39467&country=USA&device=X&isOverride=true&postalCode=-&time=1761848737&pref=16,128&userId=fc936209&aid=chi&languagecode=en-us HTTP/1.1" 200 None
[2025-10-30 12:25:40] [DEBUG] https://tvlistings.gracenote.com:443 "GET /api/grid?lineupId=USA-CA04536-X&timespan=6&headendId=CA04536&country=USA&device=X&isOverride=true&postalCode=-&time=1761848737&pref=16,128&userId=fe65d5e3&aid=chi&languagecode=en-us HTTP/1.1" 200 None
[2025-10-30 12:25:40] [DEBUG] https://tvlistings.gracenote.com:443 "GET /api/grid?lineupId=USA-CA04423-X&timespan=6&headendId=CA04423&country=USA&device=X&isOverride=true&postalCode=-&time=1761848737&pref=16,128&userId=914163b6&aid=chi&languagecode=en-us HTTP/1.1" 200 None
[2025-10-30 12:25:40] [DEBUG] https://tvlistings.gracenote.com:443 "GET /api/grid?lineupId=USA-CA04577-X&timespan=6&headendId=CA04577&country=USA&device=X&isOverride=true&postalCode=-&time=1761848737&pref=16,128&userId=af2651b9&aid=chi&languagecode=en-us HTTP/1.1" 200 None
[2025-10-30 12:25:41] [DEBUG] [USA-CA63552-X] Fetching chunk 3/4
[2025-10-30 12:25:41] [DEBUG] [USA-SC39467-X] Fetching chunk 3/4
[2025-10-30 12:25:41] [DEBUG] https://tvlistings.gracenote.com:443 "GET /api/grid?lineupId=USA-CA63552-X&timespan=6&headendId=CA63552&country=USA&device=X&isOverride=true&postalCode=-&time=1761870337&pref=16,128&userId=fdae410a&aid=chi&languagecode=en-us HTTP/1.1" 200 None
[2025-10-30 12:25:41] [DEBUG] [USA-CA04536-X] Fetching chunk 3/4
[2025-10-30 12:25:41] [DEBUG] https://tvlistings.gracenote.com:443 "GET /api/grid?lineupId=USA-SC39467-X&timespan=6&headendId=SC39467&country=USA&device=X&isOverride=true&postalCode=-&time=1761870337&pref=16,128&userId=1d7cefc7&aid=chi&languagecode=en-us HTTP/1.1" 200 None
[2025-10-30 12:25:41] [DEBUG] [USA-CA04423-X] Fetching chunk 3/4
[2025-10-30 12:25:41] [DEBUG] https://tvlistings.gracenote.com:443 "GET /api/grid?lineupId=USA-CA04536-X&timespan=6&headendId=CA04536&country=USA&device=X&isOverride=true&postalCode=-&time=1761870337&pref=16,128&userId=aa674ed7&aid=chi&languagecode=en-us HTTP/1.1" 200 None
[2025-10-30 12:25:41] [DEBUG] [USA-CA04577-X] Fetching chunk 3/4
[2025-10-30 12:25:42] [DEBUG] https://tvlistings.gracenote.com:443 "GET /api/grid?lineupId=USA-CA04423-X&timespan=6&headendId=CA04423&country=USA&device=X&isOverride=true&postalCode=-&time=1761870337&pref=16,128&userId=dcc913d0&aid=chi&languagecode=en-us HTTP/1.1" 200 None
[2025-10-30 12:25:42] [DEBUG] https://tvlistings.gracenote.com:443 "GET /api/grid?lineupId=USA-CA04577-X&timespan=6&headendId=CA04577&country=USA&device=X&isOverride=true&postalCode=-&time=1761870337&pref=16,128&userId=c2eca60b&aid=chi&languagecode=en-us HTTP/1.1" 200 None
[2025-10-30 12:25:42] [DEBUG] [USA-CA63552-X] Fetching chunk 4/4
[2025-10-30 12:25:42] [DEBUG] [USA-SC39467-X] Fetching chunk 4/4
[2025-10-30 12:25:42] [DEBUG] https://tvlistings.gracenote.com:443 "GET /api/grid?lineupId=USA-CA63552-X&timespan=6&headendId=CA63552&country=USA&device=X&isOverride=true&postalCode=-&time=1761891937&pref=16,128&userId=45963648&aid=chi&languagecode=en-us HTTP/1.1" 200 None
[2025-10-30 12:25:42] [INFO]   [USA-CA63552-X] 113 channels, 3304 events
[2025-10-30 12:25:42] [DEBUG] [USA-CA04536-X] Fetching chunk 4/4
[2025-10-30 12:25:42] [DEBUG] https://tvlistings.gracenote.com:443 "GET /api/grid?lineupId=USA-SC39467-X&timespan=6&headendId=SC39467&country=USA&device=X&isOverride=true&postalCode=-&time=1761891937&pref=16,128&userId=d3405231&aid=chi&languagecode=en-us HTTP/1.1" 200 None
[2025-10-30 12:25:42] [INFO]   [USA-SC39467-X] 154 channels, 4012 events
[2025-10-30 12:25:43] [DEBUG] https://tvlistings.gracenote.com:443 "GET /api/grid?lineupId=USA-CA04536-X&timespan=6&headendId=CA04536&country=USA&device=X&isOverride=true&postalCode=-&time=1761891937&pref=16,128&userId=c7b90fc3&aid=chi&languagecode=en-us HTTP/1.1" 200 None
[2025-10-30 12:25:43] [DEBUG] [USA-CA04423-X] Fetching chunk 4/4
[2025-10-30 12:25:43] [INFO]   [USA-CA04536-X] 244 channels, 6629 events
[2025-10-30 12:25:43] [DEBUG] [USA-CA04577-X] Fetching chunk 4/4
[2025-10-30 12:25:43] [DEBUG] https://tvlistings.gracenote.com:443 "GET /api/grid?lineupId=USA-CA04423-X&timespan=6&headendId=CA04423&country=USA&device=X&isOverride=true&postalCode=-&time=1761891937&pref=16,128&userId=4671213a&aid=chi&languagecode=en-us HTTP/1.1" 200 None
[2025-10-30 12:25:43] [INFO]   [USA-CA04423-X] 315 channels, 8277 events
[2025-10-30 12:25:43] [DEBUG] https://tvlistings.gracenote.com:443 "GET /api/grid?lineupId=USA-CA04577-X&timespan=6&headendId=CA04577&country=USA&device=X&isOverride=true&postalCode=-&time=1761891937&pref=16,128&userId=3aafcf93&aid=chi&languagecode=en-us HTTP/1.1" 200 None
[2025-10-30 12:25:44] [INFO]   [USA-CA04577-X] 519 channels, 12803 events
[2025-10-30 12:25:44] [INFO] Fetch complete: 5 succeeded, 0 failed
[2025-10-30 12:25:44] [INFO]   Raw channels collected: 1345
[2025-10-30 12:25:44] [INFO] Merging duplicate channels across lineups...
[2025-10-30 12:25:44] [DEBUG] Merging 2 instances of channel group 'AETV'
[2025-10-30 12:25:44] [DEBUG] Merging 5 instances of channel group 'AHC'
[2025-10-30 12:25:44] [DEBUG] Merging 2 instances of channel group 'AMC'
[2025-10-30 12:25:44] [DEBUG] Merging 2 instances of channel group 'APL'
[2025-10-30 12:25:44] [DEBUG] Merging 3 instances of channel group 'BET'
[2025-10-30 12:25:44] [DEBUG] Merging 2 instances of channel group 'BIGTEN'
[2025-10-30 12:25:44] [DEBUG] Merging 4 instances of channel group 'BLOOM'
[2025-10-30 12:25:44] [DEBUG] Merging 2 instances of channel group 'CANAL11'
[2025-10-30 12:25:44] [DEBUG] Merging 5 instances of channel group 'CBSSN'
[2025-10-30 12:25:44] [DEBUG] Merging 2 instances of channel group 'CMTV'
[2025-10-30 12:25:44] [DEBUG] Merging 5 instances of channel group 'CNBC'
[2025-10-30 12:25:44] [DEBUG] Merging 5 instances of channel group 'CNN'
[2025-10-30 12:25:44] [DEBUG] Merging 2 instances of channel group 'COMEDY'
[2025-10-30 12:25:44] [DEBUG] Merging 5 instances of channel group 'COOK'
[2025-10-30 12:25:44] [DEBUG] Merging 5 instances of channel group 'CSPAN'
[2025-10-30 12:25:44] [DEBUG] Merging 5 instances of channel group 'CSPAN2'
[2025-10-30 12:25:44] [DEBUG] Merging 5 instances of channel group 'DEST'
[2025-10-30 12:25:44] [DEBUG] Merging 4 instances of channel group 'DISNP'
[2025-10-30 12:25:44] [DEBUG] Merging 4 instances of channel group 'DLC'
[2025-10-30 12:25:44] [DEBUG] Merging 2 instances of channel group 'DSC'
[2025-10-30 12:25:44] [DEBUG] Merging 3 instances of channel group 'DXD'
[2025-10-30 12:25:44] [DEBUG] Merging 2 instances of channel group 'E'
[2025-10-30 12:25:44] [DEBUG] Merging 5 instances of channel group 'ESPN2'
[2025-10-30 12:25:44] [DEBUG] Merging 3 instances of channel group 'ESPND'
[2025-10-30 12:25:44] [DEBUG] Merging 5 instances of channel group 'ESPNEWS'
[2025-10-30 12:25:44] [DEBUG] Merging 4 instances of channel group 'ESPNHD'
[2025-10-30 12:25:44] [DEBUG] Merging 5 instances of channel group 'ESPNU'
[2025-10-30 12:25:44] [DEBUG] Merging 5 instances of channel group 'EWTN'
[2025-10-30 12:25:44] [DEBUG] Merging 5 instances of channel group 'FBN'
[2025-10-30 12:25:44] [DEBUG] Merging 5 instances of channel group 'FNC'
[2025-10-30 12:25:44] [DEBUG] Merging 4 instances of channel group 'FOODHD'
[2025-10-30 12:25:44] [DEBUG] Merging 2 instances of channel group 'FREEFRM'
[2025-10-30 12:25:44] [DEBUG] Merging 5 instances of channel group 'FS1'
[2025-10-30 12:25:44] [DEBUG] Merging 5 instances of channel group 'FS2'
[2025-10-30 12:25:44] [DEBUG] Merging 4 instances of channel group 'FUSE'
[2025-10-30 12:25:44] [DEBUG] Merging 3 instances of channel group 'FXM'
[2025-10-30 12:25:44] [DEBUG] Merging 5 instances of channel group 'FYISD'
[2025-10-30 12:25:44] [DEBUG] Merging 2 instances of channel group 'GALA'
[2025-10-30 12:25:44] [DEBUG] Merging 5 instances of channel group 'GOLF'
[2025-10-30 12:25:44] [DEBUG] Merging 3 instances of channel group 'GSN'
[2025-10-30 12:25:44] [DEBUG] Merging 2 instances of channel group 'HGTV'
[2025-10-30 12:25:44] [DEBUG] Merging 2 instances of channel group 'HISTORY'
[2025-10-30 12:25:44] [DEBUG] Merging 3 instances of channel group 'HITN'
[2025-10-30 12:25:44] [DEBUG] Merging 5 instances of channel group 'HLN'
[2025-10-30 12:25:44] [DEBUG] Merging 5 instances of channel group 'ID'
[2025-10-30 12:25:44] [DEBUG] Merging 4 instances of channel group 'IFC'
[2025-10-30 12:25:44] [DEBUG] Merging 5 instances of channel group 'LMN'
[2025-10-30 12:25:44] [DEBUG] Merging 3 instances of channel group 'MLBN'
[2025-10-30 12:25:44] [DEBUG] Merging 5 instances of channel group 'MSNBC'
[2025-10-30 12:25:44] [DEBUG] Merging 4 instances of channel group 'MTV2'
[2025-10-30 12:25:44] [DEBUG] Merging 5 instances of channel group 'MTVCLAS'
[2025-10-30 12:25:44] [DEBUG] Merging 2 instances of channel group 'NBCSBA'
[2025-10-30 12:25:44] [DEBUG] Merging 3 instances of channel group 'NBCSBAH'
[2025-10-30 12:25:44] [DEBUG] Merging 4 instances of channel group 'NFLHD'
[2025-10-30 12:25:44] [DEBUG] Merging 2 instances of channel group 'NGCHD'
[2025-10-30 12:25:44] [DEBUG] Merging 4 instances of channel group 'NGWILD'
[2025-10-30 12:25:44] [DEBUG] Merging 2 instances of channel group 'NHLNET'
[2025-10-30 12:25:44] [DEBUG] Merging 4 instances of channel group 'NIKP'
[2025-10-30 12:25:44] [DEBUG] Merging 4 instances of channel group 'OWN'
[2025-10-30 12:25:44] [DEBUG] Merging 2 instances of channel group 'OXYGEN'
[2025-10-30 12:25:44] [DEBUG] Merging 3 instances of channel group 'PAR'
[2025-10-30 12:25:44] [DEBUG] Merging 5 instances of channel group 'REELZ'
[2025-10-30 12:25:44] [DEBUG] Merging 5 instances of channel group 'RFDTV'
[2025-10-30 12:25:44] [DEBUG] Merging 5 instances of channel group 'SCIENCE'
[2025-10-30 12:25:44] [DEBUG] Merging 3 instances of channel group 'SPRTMAN'
[2025-10-30 12:25:44] [DEBUG] Merging 2 instances of channel group 'SYFY'
[2025-10-30 12:25:44] [DEBUG] Merging 5 instances of channel group 'TBN'
[2025-10-30 12:25:44] [DEBUG] Merging 2 instances of channel group 'TBS'
[2025-10-30 12:25:44] [DEBUG] Merging 3 instances of channel group 'TENNIS'
[2025-10-30 12:25:44] [DEBUG] Merging 2 instances of channel group 'TLC'
[2025-10-30 12:25:44] [DEBUG] Merging 5 instances of channel group 'TNCK'
[2025-10-30 12:25:44] [DEBUG] Merging 4 instances of channel group 'TOONP'
[2025-10-30 12:25:44] [DEBUG] Merging 2 instances of channel group 'TRAV'
[2025-10-30 12:25:44] [DEBUG] Merging 2 instances of channel group 'TRUTV'
[2025-10-30 12:25:44] [DEBUG] Merging 2 instances of channel group 'TVLAND'
[2025-10-30 12:25:44] [DEBUG] Merging 2 instances of channel group 'TVONE'
[2025-10-30 12:25:44] [DEBUG] Merging 2 instances of channel group 'UP'
[2025-10-30 12:25:44] [DEBUG] Merging 2 instances of channel group 'USA'
[2025-10-30 12:25:44] [DEBUG] Merging 2 instances of channel group 'VH1'
[2025-10-30 12:25:44] [DEBUG] Merging 5 instances of channel group 'VICE'
[2025-10-30 12:25:44] [DEBUG] Merging 2 instances of channel group 'WE'
[2025-10-30 12:25:44] [DEBUG] Merging 5 instances of channel group 'WEATH'
[2025-10-30 12:25:44] [DEBUG] Merging 2 instances of channel group 'WORD'
[2025-10-30 12:25:44] [DEBUG] Merging 2 instances of channel group 'ACC'
[2025-10-30 12:25:44] [DEBUG] Merging 2 instances of channel group 'AXSTV'
[2025-10-30 12:25:44] [DEBUG] Merging 4 instances of channel group 'BBCA'
[2025-10-30 12:25:44] [DEBUG] Merging 4 instances of channel group 'BOOM'
[2025-10-30 12:25:44] [DEBUG] Merging 4 instances of channel group 'CMTMUS'
[2025-10-30 12:25:44] [DEBUG] Merging 4 instances of channel group 'DFC'
[2025-10-30 12:25:44] [DEBUG] Merging 4 instances of channel group 'ESPN'
[2025-10-30 12:25:44] [DEBUG] Merging 2 instances of channel group 'FAMZ'
[2025-10-30 12:25:44] [DEBUG] Merging 3 instances of channel group 'FXX'
[2025-10-30 12:25:44] [DEBUG] Merging 2 instances of channel group 'GFAM'
[2025-10-30 12:25:44] [DEBUG] Merging 2 instances of channel group 'HBO'
[2025-10-30 12:25:44] [DEBUG] Merging 2 instances of channel group 'HDNETMV'
[2025-10-30 12:25:44] [DEBUG] Merging 3 instances of channel group 'HMYS'
[2025-10-30 12:25:44] [DEBUG] Merging 4 instances of channel group 'HSN'
[2025-10-30 12:25:44] [DEBUG] Merging 4 instances of channel group 'INSP'
[2025-10-30 12:25:44] [DEBUG] Merging 3 instances of channel group 'JTV'
[2025-10-30 12:25:44] [DEBUG] Merging 4 instances of channel group 'MAGN'
[2025-10-30 12:25:44] [DEBUG] Merging 2 instances of channel group 'MAX'
[2025-10-30 12:25:44] [DEBUG] Merging 2 instances of channel group 'NEXT'
[2025-10-30 12:25:44] [DEBUG] Merging 4 instances of channel group 'NFLNET'
[2025-10-30 12:25:44] [DEBUG] Merging 3 instances of channel group 'NGC'
[2025-10-30 12:25:44] [DEBUG] Merging 4 instances of channel group 'NICJR'
[2025-10-30 12:25:44] [DEBUG] Merging 4 instances of channel group 'NIKTON'
[2025-10-30 12:25:44] [DEBUG] Merging 3 instances of channel group 'NWSNTSD'
[2025-10-30 12:25:44] [DEBUG] Merging 4 instances of channel group 'OUTD'
[2025-10-30 12:25:44] [DEBUG] Merging 2 instances of channel group 'PARSHO'
[2025-10-30 12:25:44] [DEBUG] Merging 3 instances of channel group 'POPSD'
[2025-10-30 12:25:44] [DEBUG] Merging 4 instances of channel group 'QVC'
[2025-10-30 12:25:44] [DEBUG] Merging 3 instances of channel group 'SEC'
[2025-10-30 12:25:44] [DEBUG] Merging 2 instances of channel group 'STARZ'
[2025-10-30 12:25:44] [DEBUG] Merging 2 instances of channel group 'STZE'
[2025-10-30 12:25:44] [DEBUG] Merging 2 instances of channel group 'STZK'
[2025-10-30 12:25:44] [DEBUG] Merging 4 instances of channel group 'TCM'
[2025-10-30 12:25:44] [DEBUG] Merging 2 instances of channel group 'TMC'
[2025-10-30 12:25:44] [DEBUG] Merging 2 instances of channel group 'WOMEN'
[2025-10-30 12:25:44] [DEBUG] Merging 2 instances of channel group 'AETVHDP'
[2025-10-30 12:25:44] [DEBUG] Merging 3 instances of channel group 'AETVP'
[2025-10-30 12:25:44] [DEBUG] Merging 3 instances of channel group 'AMCP'
[2025-10-30 12:25:44] [DEBUG] Merging 3 instances of channel group 'APLHDP'
[2025-10-30 12:25:44] [DEBUG] Merging 3 instances of channel group 'APLP'
[2025-10-30 12:25:44] [DEBUG] Merging 2 instances of channel group 'BETHDP'
[2025-10-30 12:25:44] [DEBUG] Merging 2 instances of channel group 'BETP'
[2025-10-30 12:25:44] [DEBUG] Merging 3 instances of channel group 'BETSOUL'
[2025-10-30 12:25:44] [DEBUG] Merging 2 instances of channel group 'BGTENO2'
[2025-10-30 12:25:44] [DEBUG] Merging 2 instances of channel group 'BGTENO3'
[2025-10-30 12:25:44] [DEBUG] Merging 2 instances of channel group 'BIGTENO'
[2025-10-30 12:25:44] [DEBUG] Merging 3 instances of channel group 'BLOOMHD'
[2025-10-30 12:25:44] [DEBUG] Merging 3 instances of channel group 'BRAVOHP'
[2025-10-30 12:25:44] [DEBUG] Merging 3 instances of channel group 'BRAVOP'
[2025-10-30 12:25:44] [DEBUG] Merging 2 instances of channel group 'BYUTV'
[2025-10-30 12:25:44] [DEBUG] Merging 3 instances of channel group 'CCHDP'
[2025-10-30 12:25:44] [DEBUG] Merging 3 instances of channel group 'CINACSP'
[2025-10-30 12:25:44] [DEBUG] Merging 2 instances of channel group 'CINECLS'
[2025-10-30 12:25:44] [DEBUG] Merging 3 instances of channel group 'CINEHP'
[2025-10-30 12:25:44] [DEBUG] Merging 2 instances of channel group 'CMAX'
[2025-10-30 12:25:44] [DEBUG] Merging 3 instances of channel group 'CMTVP'
[2025-10-30 12:25:44] [DEBUG] Merging 3 instances of channel group 'CNBCHD'
[2025-10-30 12:25:44] [DEBUG] Merging 3 instances of channel group 'CNNHD'
[2025-10-30 12:25:44] [DEBUG] Merging 3 instances of channel group 'COMEDYP'
[2025-10-30 12:25:44] [DEBUG] Merging 3 instances of channel group 'CSPANHD'
[2025-10-30 12:25:44] [DEBUG] Merging 3 instances of channel group 'CSPN2HD'
[2025-10-30 12:25:44] [DEBUG] Merging 3 instances of channel group 'DISNHDP'
[2025-10-30 12:25:44] [DEBUG] Merging 2 instances of channel group 'DJCHP'
[2025-10-30 12:25:44] [DEBUG] Merging 3 instances of channel group 'DSCHDP'
[2025-10-30 12:25:44] [DEBUG] Merging 3 instances of channel group 'DSCP'
[2025-10-30 12:25:44] [DEBUG] Merging 3 instances of channel group 'EP'
[2025-10-30 12:25:44] [DEBUG] Merging 3 instances of channel group 'ESPN2HD'
[2025-10-30 12:25:44] [DEBUG] Merging 3 instances of channel group 'FLIXP'
[2025-10-30 12:25:44] [DEBUG] Merging 3 instances of channel group 'FNCHD'
[2025-10-30 12:25:44] [DEBUG] Merging 3 instances of channel group 'FOODP'
[2025-10-30 12:25:44] [DEBUG] Merging 2 instances of channel group 'FREFRMP'
[2025-10-30 12:25:44] [DEBUG] Merging 2 instances of channel group 'FRFMHDP'
[2025-10-30 12:25:44] [DEBUG] Merging 3 instances of channel group 'FS1HD'
[2025-10-30 12:25:44] [DEBUG] Merging 3 instances of channel group 'FXDEP'
[2025-10-30 12:25:44] [DEBUG] Merging 3 instances of channel group 'FXMHD'
[2025-10-30 12:25:44] [DEBUG] Merging 3 instances of channel group 'FXP'
[2025-10-30 12:25:44] [DEBUG] Merging 3 instances of channel group 'FXPHD'
[2025-10-30 12:25:44] [DEBUG] Merging 2 instances of channel group 'GFAMHD'
[2025-10-30 12:25:44] [DEBUG] Merging 2 instances of channel group 'GLIVHD'
[2025-10-30 12:25:44] [DEBUG] Merging 3 instances of channel group 'GOLFHD'
[2025-10-30 12:25:44] [DEBUG] Merging 2 instances of channel group 'HALLHDP'
[2025-10-30 12:25:44] [DEBUG] Merging 3 instances of channel group 'HALLP'
[2025-10-30 12:25:44] [DEBUG] Merging 3 instances of channel group 'HBOCP'
[2025-10-30 12:25:44] [DEBUG] Merging 3 instances of channel group 'HBODRP'
[2025-10-30 12:25:44] [DEBUG] Merging 3 instances of channel group 'HBOHDP'
[2025-10-30 12:25:44] [DEBUG] Merging 3 instances of channel group 'HBOHTP'
[2025-10-30 12:25:44] [DEBUG] Merging 3 instances of channel group 'HBOLATP'
[2025-10-30 12:25:44] [DEBUG] Merging 3 instances of channel group 'HBOMVP'
[2025-10-30 12:25:44] [DEBUG] Merging 3 instances of channel group 'HBOP'
[2025-10-30 12:25:44] [DEBUG] Merging 3 instances of channel group 'HGTVD'
[2025-10-30 12:25:44] [DEBUG] Merging 3 instances of channel group 'HGTVP'
[2025-10-30 12:25:44] [DEBUG] Merging 3 instances of channel group 'HISTP'
[2025-10-30 12:25:44] [DEBUG] Merging 3 instances of channel group 'HLNHD'
[2025-10-30 12:25:44] [DEBUG] Merging 3 instances of channel group 'HSNHD'
[2025-10-30 12:25:44] [DEBUG] Merging 2 instances of channel group 'HSTRYHP'
[2025-10-30 12:25:44] [DEBUG] Merging 3 instances of channel group 'LIFEP'
[2025-10-30 12:25:44] [DEBUG] Merging 3 instances of channel group 'LIFEPHD'
[2025-10-30 12:25:44] [DEBUG] Merging 2 instances of channel group 'LRW'
[2025-10-30 12:25:44] [DEBUG] Merging 3 instances of channel group 'MAXP'
[2025-10-30 12:25:44] [DEBUG] Merging 3 instances of channel group 'MNBCHD'
[2025-10-30 12:25:44] [DEBUG] Merging 3 instances of channel group 'MTHD'
[2025-10-30 12:25:44] [DEBUG] Merging 3 instances of channel group 'MTVP'
[2025-10-30 12:25:44] [DEBUG] Merging 3 instances of channel group 'MTVPHD'
[2025-10-30 12:25:44] [DEBUG] Merging 2 instances of channel group 'NEWSNTN'
[2025-10-30 12:25:44] [DEBUG] Merging 3 instances of channel group 'NFLNRZ'
[2025-10-30 12:25:44] [DEBUG] Merging 3 instances of channel group 'NFLNRZD'
[2025-10-30 12:25:44] [DEBUG] Merging 2 instances of channel group 'NICJRHD'
[2025-10-30 12:25:44] [DEBUG] Merging 3 instances of channel group 'NIKPHD'
[2025-10-30 12:25:44] [DEBUG] Merging 3 instances of channel group 'NMZK'
[2025-10-30 12:25:44] [DEBUG] Merging 3 instances of channel group 'OXYGENP'
[2025-10-30 12:25:44] [DEBUG] Merging 3 instances of channel group 'PARPHD'
[2025-10-30 12:25:44] [DEBUG] Merging 3 instances of channel group 'PARSHOW'
[2025-10-30 12:25:44] [DEBUG] Merging 3 instances of channel group 'PASHOHW'
[2025-10-30 12:25:44] [DEBUG] Merging 3 instances of channel group 'QVCHD'
[2025-10-30 12:25:44] [DEBUG] Merging 3 instances of channel group 'RACERHD'
[2025-10-30 12:25:44] [DEBUG] Merging 3 instances of channel group 'SHO2P'
[2025-10-30 12:25:44] [DEBUG] Merging 3 instances of channel group 'SHOBETP'
[2025-10-30 12:25:44] [DEBUG] Merging 3 instances of channel group 'SHOCSEP'
[2025-10-30 12:25:44] [DEBUG] Merging 3 instances of channel group 'SHOWXP'
[2025-10-30 12:25:44] [DEBUG] Merging 2 instances of channel group 'SMITHPH'
[2025-10-30 12:25:44] [DEBUG] Merging 2 instances of channel group 'SPMNHD'
[2025-10-30 12:25:44] [DEBUG] Merging 3 instances of channel group 'STARZP'
[2025-10-30 12:25:44] [DEBUG] Merging 3 instances of channel group 'STZCIP'
[2025-10-30 12:25:44] [DEBUG] Merging 3 instances of channel group 'STZECLP'
[2025-10-30 12:25:44] [DEBUG] Merging 3 instances of channel group 'STZENAP'
[2025-10-30 12:25:44] [DEBUG] Merging 3 instances of channel group 'STZENBP'
[2025-10-30 12:25:44] [DEBUG] Merging 3 instances of channel group 'STZENCP'
[2025-10-30 12:25:44] [DEBUG] Merging 2 instances of channel group 'STZENFS'
[2025-10-30 12:25:44] [DEBUG] Merging 3 instances of channel group 'STZENSP'
[2025-10-30 12:25:44] [DEBUG] Merging 3 instances of channel group 'STZENWP'
[2025-10-30 12:25:44] [DEBUG] Merging 3 instances of channel group 'STZHDP'
[2025-10-30 12:25:44] [DEBUG] Merging 3 instances of channel group 'SUNDANP'
[2025-10-30 12:25:44] [DEBUG] Merging 3 instances of channel group 'SYFYHDP'
[2025-10-30 12:25:44] [DEBUG] Merging 3 instances of channel group 'SYFYP'
[2025-10-30 12:25:44] [DEBUG] Merging 3 instances of channel group 'TBSHDP'
[2025-10-30 12:25:44] [DEBUG] Merging 3 instances of channel group 'TBSP'
[2025-10-30 12:25:44] [DEBUG] Merging 3 instances of channel group 'TLCP'
[2025-10-30 12:25:44] [DEBUG] Merging 3 instances of channel group 'TLCPHD'
[2025-10-30 12:25:44] [DEBUG] Merging 2 instances of channel group 'TMCHDP'
[2025-10-30 12:25:44] [DEBUG] Merging 3 instances of channel group 'TMCP'
[2025-10-30 12:25:44] [DEBUG] Merging 3 instances of channel group 'TMCXP'
[2025-10-30 12:25:44] [DEBUG] Merging 3 instances of channel group 'TNTP'
[2025-10-30 12:25:44] [DEBUG] Merging 3 instances of channel group 'TNTPHD'
[2025-10-30 12:25:44] [DEBUG] Merging 3 instances of channel group 'TOONPHD'
[2025-10-30 12:25:44] [DEBUG] Merging 3 instances of channel group 'TRAVHD'
[2025-10-30 12:25:44] [DEBUG] Merging 3 instances of channel group 'TRAVP'
[2025-10-30 12:25:44] [DEBUG] Merging 2 instances of channel group 'TRUTVHP'
[2025-10-30 12:25:44] [DEBUG] Merging 3 instances of channel group 'TRUTVP'
[2025-10-30 12:25:44] [DEBUG] Merging 3 instances of channel group 'TVLANDP'
[2025-10-30 12:25:44] [DEBUG] Merging 3 instances of channel group 'UNVSO'
[2025-10-30 12:25:44] [DEBUG] Merging 3 instances of channel group 'USAHDP'
[2025-10-30 12:25:44] [DEBUG] Merging 3 instances of channel group 'USAP'
[2025-10-30 12:25:44] [DEBUG] Merging 3 instances of channel group 'VH1P'
[2025-10-30 12:25:44] [DEBUG] Merging 3 instances of channel group 'VH1PHD'
[2025-10-30 12:25:44] [DEBUG] Merging 3 instances of channel group 'VODDM'
[2025-10-30 12:25:44] [DEBUG] Merging 3 instances of channel group 'WEP'
[2025-10-30 12:25:44] [DEBUG] Merging 2 instances of channel group 'ZONFUT'
[2025-10-30 12:25:44] [DEBUG] Merging 2 instances of channel group 'AMCPHD'
[2025-10-30 12:25:44] [DEBUG] Merging 2 instances of channel group 'BBCAHD'
[2025-10-30 12:25:44] [DEBUG] Merging 2 instances of channel group 'CBSSNHD'
[2025-10-30 12:25:44] [DEBUG] Merging 2 instances of channel group 'CINEHHD'
[2025-10-30 12:25:44] [DEBUG] Merging 2 instances of channel group 'CINLUS'
[2025-10-30 12:25:44] [DEBUG] Merging 2 instances of channel group 'CMEX'
[2025-10-30 12:25:44] [DEBUG] Merging 2 instances of channel group 'CMTVHDP'
[2025-10-30 12:25:44] [DEBUG] Merging 2 instances of channel group 'CNNE'
[2025-10-30 12:25:44] [DEBUG] Merging 2 instances of channel group 'COOKHD'
[2025-10-30 12:25:44] [DEBUG] Merging 2 instances of channel group 'COWBOY'
[2025-10-30 12:25:44] [DEBUG] Merging 2 instances of channel group 'CSPAN3'
[2025-10-30 12:25:44] [DEBUG] Merging 2 instances of channel group 'CSPN3HD'
[2025-10-30 12:25:44] [DEBUG] Merging 2 instances of channel group 'DFAM'
[2025-10-30 12:25:44] [DEBUG] Merging 2 instances of channel group 'DSCE'
[2025-10-30 12:25:44] [DEBUG] Merging 2 instances of channel group 'DYSTR'
[2025-10-30 12:25:44] [DEBUG] Merging 2 instances of channel group 'EPHD'
[2025-10-30 12:25:44] [DEBUG] Merging 2 instances of channel group 'ESPNUHD'
[2025-10-30 12:25:44] [DEBUG] Merging 2 instances of channel group 'ESPNWHD'
[2025-10-30 12:25:44] [DEBUG] Merging 2 instances of channel group 'EWTNES'
[2025-10-30 12:25:44] [DEBUG] Merging 2 instances of channel group 'FBNHD'
[2025-10-30 12:25:44] [DEBUG] Merging 2 instances of channel group 'FS2HD'
[2025-10-30 12:25:44] [DEBUG] Merging 2 instances of channel group 'FUSEHD'
[2025-10-30 12:25:44] [DEBUG] Merging 2 instances of channel group 'GALAPHD'
[2025-10-30 12:25:44] [DEBUG] Merging 2 instances of channel group 'HBODRHD'
[2025-10-30 12:25:44] [DEBUG] Merging 2 instances of channel group 'HBOHTHD'
[2025-10-30 12:25:44] [DEBUG] Merging 2 instances of channel group 'HBOLAHD'
[2025-10-30 12:25:44] [DEBUG] Merging 2 instances of channel group 'HBOMVHD'
[2025-10-30 12:25:44] [DEBUG] Merging 2 instances of channel group 'HISTE'
[2025-10-30 12:25:44] [DEBUG] Merging 2 instances of channel group 'IDHD'
[2025-10-30 12:25:44] [DEBUG] Merging 2 instances of channel group 'IFCHD'
[2025-10-30 12:25:44] [DEBUG] Merging 2 instances of channel group 'MAGNHD'
[2025-10-30 12:25:44] [DEBUG] Merging 2 instances of channel group 'MAXHD'
[2025-10-30 12:25:44] [DEBUG] Merging 2 instances of channel group 'MEXCAN'
[2025-10-30 12:25:44] [DEBUG] Merging 2 instances of channel group 'MTVU'
[2025-10-30 12:25:44] [DEBUG] Merging 2 instances of channel group 'MULTV'
[2025-10-30 12:25:44] [DEBUG] Merging 2 instances of channel group 'NBCSBAP'
[2025-10-30 12:25:44] [DEBUG] Merging 2 instances of channel group 'NEXTP'
[2025-10-30 12:25:44] [DEBUG] Merging 2 instances of channel group 'NGWIHD'
[2025-10-30 12:25:44] [DEBUG] Merging 2 instances of channel group 'OUTHD'
[2025-10-30 12:25:44] [DEBUG] Merging 2 instances of channel group 'PARP'
[2025-10-30 12:25:44] [DEBUG] Merging 2 instances of channel group 'QVC2'
[2025-10-30 12:25:44] [DEBUG] Merging 2 instances of channel group 'REELZHD'
[2025-10-30 12:25:44] [DEBUG] Merging 2 instances of channel group 'SCIHD'
[2025-10-30 12:25:44] [DEBUG] Merging 2 instances of channel group 'SHO2HD'
[2025-10-30 12:25:44] [DEBUG] Merging 2 instances of channel group 'SHOCSHD'
[2025-10-30 12:25:44] [DEBUG] Merging 2 instances of channel group 'SHOPLC'
[2025-10-30 12:25:44] [DEBUG] Merging 2 instances of channel group 'SHOWXHD'
[2025-10-30 12:25:44] [DEBUG] Merging 2 instances of channel group 'STRZCIH'
[2025-10-30 12:25:44] [DEBUG] Merging 2 instances of channel group 'STRZIBH'
[2025-10-30 12:25:44] [DEBUG] Merging 2 instances of channel group 'STZCHD'
[2025-10-30 12:25:44] [DEBUG] Merging 2 instances of channel group 'STZCP'
[2025-10-30 12:25:44] [DEBUG] Merging 2 instances of channel group 'STZEHD'
[2025-10-30 12:25:44] [DEBUG] Merging 2 instances of channel group 'STZENHD'
[2025-10-30 12:25:44] [DEBUG] Merging 2 instances of channel group 'STZEP'
[2025-10-30 12:25:44] [DEBUG] Merging 2 instances of channel group 'STZIBP'
[2025-10-30 12:25:44] [DEBUG] Merging 2 instances of channel group 'STZKHD'
[2025-10-30 12:25:44] [DEBUG] Merging 2 instances of channel group 'STZKP'
[2025-10-30 12:25:44] [DEBUG] Merging 2 instances of channel group 'SZEAHD'
[2025-10-30 12:25:44] [DEBUG] Merging 2 instances of channel group 'SZEBHD'
[2025-10-30 12:25:44] [DEBUG] Merging 2 instances of channel group 'TMCHD'
[2025-10-30 12:25:44] [DEBUG] Merging 2 instances of channel group 'TMCXHD'
[2025-10-30 12:25:44] [DEBUG] Merging 2 instances of channel group 'TUDNU'
[2025-10-30 12:25:44] [DEBUG] Merging 2 instances of channel group 'UCLAS'
[2025-10-30 12:25:44] [DEBUG] Merging 2 instances of channel group 'UFEST'
[2025-10-30 12:25:44] [DEBUG] Merging 2 instances of channel group 'VMOV'
[2025-10-30 12:25:44] [DEBUG] Merging 2 instances of channel group 'WEATHHD'
[2025-10-30 12:25:44] [DEBUG] Merging 2 instances of channel group 'WEHD'
[2025-10-30 12:25:44] [DEBUG] Merging 2 instances of channel group 'WOMENP'
[2025-10-30 12:25:44] [DEBUG] After merging: 778 unique channels (was 1345)
[2025-10-30 12:25:44] [INFO]   Final unique channels: 778
[2025-10-30 12:25:44] [INFO]   Total events after deduplication: 20404
[2025-10-30 12:25:44] [DEBUG] Sample event #1:
[2025-10-30 12:25:44] [DEBUG]   Title: '3ABN Kids Camp Kitchen Fun'
[2025-10-30 12:25:44] [DEBUG]   Has season/episode: SNoneENone
[2025-10-30 12:25:44] [DEBUG] Sample event #2:
[2025-10-30 12:25:44] [DEBUG]   Title: 'Tiny Tots Kitchen'
[2025-10-30 12:25:44] [DEBUG]   Has season/episode: SNoneENone
[2025-10-30 12:25:44] [DEBUG] Sample event #3:
[2025-10-30 12:25:44] [DEBUG]   Title: 'Tiny Tots Worship'
[2025-10-30 12:25:44] [DEBUG]   Has season/episode: SNoneENone
[2025-10-30 12:25:44] [DEBUG] Sample event #4:
[2025-10-30 12:25:44] [DEBUG]   Title: '3ABN Today'
[2025-10-30 12:25:44] [DEBUG]   Has season/episode: SNoneENone
[2025-10-30 12:25:44] [DEBUG] Sample event #5:
[2025-10-30 12:25:44] [DEBUG]   Title: 'ASI Conventions'
[2025-10-30 12:25:44] [DEBUG]   Has season/episode: SNoneENone
[2025-10-30 12:25:44] [DEBUG] Sample event #6:
[2025-10-30 12:25:44] [DEBUG]   Title: 'From Sickness to Health'
[2025-10-30 12:25:44] [DEBUG]   Has season/episode: SNoneENone
[2025-10-30 12:25:44] [DEBUG] Sample event #7:
[2025-10-30 12:25:44] [DEBUG]   Title: 'Eternal Truths Matter'
[2025-10-30 12:25:44] [DEBUG]   Has season/episode: SNoneENone
[2025-10-30 12:25:44] [DEBUG] Sample event #8:
[2025-10-30 12:25:44] [DEBUG]   Title: 'God's Last Message to the World'
[2025-10-30 12:25:44] [DEBUG]   Has season/episode: SNoneENone
[2025-10-30 12:25:44] [DEBUG] Sample event #9:
[2025-10-30 12:25:44] [DEBUG]   Title: 'Spotless'
[2025-10-30 12:25:44] [DEBUG]   Has season/episode: SNoneENone
[2025-10-30 12:25:44] [DEBUG] Sample event #10:
[2025-10-30 12:25:44] [DEBUG]   Title: 'Adventist World Aviation'
[2025-10-30 12:25:44] [DEBUG]   Has season/episode: SNoneENone
[2025-10-30 12:25:44] [INFO] Writing 20404 valid events to XML
[2025-10-30 12:25:44] [INFO]   New episodes: 0
[2025-10-30 12:25:44] [INFO]   Reruns: 0
[2025-10-30 12:25:44] [INFO]   Unknown status: 20404
[2025-10-30 12:25:44] [INFO] EPG successfully written to docs/EPG.xml
[2025-10-30 12:25:44] [DEBUG] Released lock file: /tmp/epg_standalone.run.lock
